#
# There is insufficient memory for the Java Runtime Environment to continue.
# Native memory allocation (malloc) failed to allocate 32744 bytes for Chunk::new
# Possible reasons:
#   The system is out of physical RAM or swap space
#   The process is running with CompressedOops enabled, and the Java Heap may be blocking the growth of the native heap
# Possible solutions:
#   Reduce memory load on the system
#   Increase physical memory or swap space
#   Check if swap backing store is full
#   Decrease Java heap size (-Xmx/-Xms)
#   Decrease number of Java threads
#   Decrease Java thread stack sizes (-Xss)
#   Set larger code cache with -XX:ReservedCodeCacheSize=
#   JVM is running with Unscaled Compressed Oops mode in which the Java heap is
#     placed in the first 4GB address space. The Java Heap base address is the
#     maximum limit for the native heap growth. Please use -XX:HeapBaseMinAddress
#     to set the Java Heap base and to place the Java Heap above 4GB virtual address.
# This output file may be truncated or incomplete.
#
#  Out of Memory Error (arena.cpp:184), pid=560, tid=14328
#
# JRE version: Java(TM) SE Runtime Environment (18.0.2.1+1) (build 18.0.2.1+1-1)
# Java VM: Java HotSpot(TM) 64-Bit Server VM (18.0.2.1+1-1, mixed mode, sharing, tiered, compressed oops, compressed class ptrs, g1 gc, windows-amd64)
# No core dump will be written. Minidumps are not enabled by default on client versions of Windows
#

---------------  S U M M A R Y ------------

Command Line: C:\Users\Пользователь\AppData\Local\Temp\surefire9211077777208978252\surefirebooter-20231005140023350_3.jar C:\Users\Пользователь\AppData\Local\Temp\surefire9211077777208978252 2023-10-05T14-00-23_080-jvmRun1 surefire-20231005140023350_1tmp surefire_0-20231005140023350_2tmp

Host: Intel(R) Core(TM) i3-6006U CPU @ 2.00GHz, 4 cores, 7G,  Windows 10 , 64 bit Build 19041 (10.0.19041.3393)
Time: Thu Oct  5 14:00:46 2023  Windows 10 , 64 bit Build 19041 (10.0.19041.3393) elapsed time: 22.501443 seconds (0d 0h 0m 22s)

---------------  T H R E A D  ---------------

Current thread (0x0000016fb898c930):  JavaThread "main" [_thread_in_vm, id=14328, stack(0x00000018e4d00000,0x00000018e4e00000)]

Stack: [0x00000018e4d00000,0x00000018e4e00000]
Native frames: (J=compiled Java code, j=interpreted, Vv=VM code, C=native code)
V  [jvm.dll+0x6993aa]
V  [jvm.dll+0x7f46dd]
V  [jvm.dll+0x7f5fee]
V  [jvm.dll+0x7f66a3]
V  [jvm.dll+0x25cf1f]
V  [jvm.dll+0xb8c2f]
V  [jvm.dll+0xb8fa5]
V  [jvm.dll+0x2020e9]
V  [jvm.dll+0x202e95]
V  [jvm.dll+0x2038cf]
V  [jvm.dll+0x1f8d61]
V  [jvm.dll+0x55dc05]
V  [jvm.dll+0x76e943]
V  [jvm.dll+0x76ea24]
V  [jvm.dll+0x42d7b4]
V  [jvm.dll+0x4334bf]
C  [java.dll+0x17ec]

Java frames: (J=compiled Java code, j=interpreted, Vv=VM code)
J 1240  java.lang.ClassLoader.defineClass1(Ljava/lang/ClassLoader;Ljava/lang/String;[BIILjava/security/ProtectionDomain;Ljava/lang/String;)Ljava/lang/Class; java.base@18.0.2.1 (0 bytes) @ 0x0000016fc7df3163 [0x0000016fc7df30a0+0x00000000000000c3]
J 5163 c2 jdk.internal.loader.BuiltinClassLoader.defineClass(Ljava/lang/String;Ljdk/internal/loader/Resource;)Ljava/lang/Class; java.base@18.0.2.1 (121 bytes) @ 0x0000016fc7febf34 [0x0000016fc7fea520+0x0000000000001a14]
J 6110 c2 jdk.internal.loader.BuiltinClassLoader.findClassOnClassPathOrNull(Ljava/lang/String;)Ljava/lang/Class; java.base@18.0.2.1 (64 bytes) @ 0x0000016fc80917fc [0x0000016fc8091200+0x00000000000005fc]
J 3606 c2 jdk.internal.loader.BuiltinClassLoader.loadClassOrNull(Ljava/lang/String;Z)Ljava/lang/Class; java.base@18.0.2.1 (143 bytes) @ 0x0000016fc7f10ec0 [0x0000016fc7f0fc00+0x00000000000012c0]
J 5157 c2 java.lang.ClassLoader.loadClass(Ljava/lang/String;)Ljava/lang/Class; java.base@18.0.2.1 (7 bytes) @ 0x0000016fc7fe0694 [0x0000016fc7fe0640+0x0000000000000054]
v  ~StubRoutines::call_stub
j  org.springframework.data.jpa.repository.query.HqlQueryParser.parseQuery(Ljava/lang/String;)Lorg/antlr/v4/runtime/ParserRuleContext;+12
j  org.springframework.data.jpa.repository.query.HqlQueryParser.parse(Ljava/lang/String;)Lorg/antlr/v4/runtime/ParserRuleContext;+1
j  org.springframework.data.jpa.repository.query.JpaQueryParserSupport$ParseState.lambda$new$0(Ljava/lang/String;)Lorg/antlr/v4/runtime/ParserRuleContext;+5
j  org.springframework.data.jpa.repository.query.JpaQueryParserSupport$ParseState$$Lambda$1493+0x00000008014cf670.get()Ljava/lang/Object;+8
J 6444 c2 org.springframework.data.util.Lazy.get()Ljava/lang/Object; (21 bytes) @ 0x0000016fc7f25d74 [0x0000016fc7f25d00+0x0000000000000074]
j  org.springframework.data.jpa.repository.query.JpaQueryParserSupport$ParseState.getContext()Lorg/antlr/v4/runtime/ParserRuleContext;+15
j  org.springframework.data.jpa.repository.query.JpaQueryParserSupport.findAlias()Ljava/lang/String;+5
j  org.springframework.data.jpa.repository.query.JpaQueryEnhancer.detectAlias()Ljava/lang/String;+4
j  org.springframework.data.jpa.repository.query.StringQuery.<init>(Ljava/lang/String;Z)V+81
j  org.springframework.data.jpa.repository.query.DeclaredQuery.of(Ljava/lang/String;Z)Lorg/springframework/data/jpa/repository/query/DeclaredQuery;+19
j  org.springframework.data.jpa.repository.query.JpaQueryMethod.assertParameterNamesInAnnotatedQuery()V+19
j  org.springframework.data.jpa.repository.query.JpaQueryMethod.<init>(Ljava/lang/reflect/Method;Lorg/springframework/data/repository/core/RepositoryMetadata;Lorg/springframework/data/projection/ProjectionFactory;Lorg/springframework/data/jpa/provider/QueryExtractor;)V+197
j  org.springframework.data.jpa.repository.query.DefaultJpaQueryMethodFactory.build(Ljava/lang/reflect/Method;Lorg/springframework/data/repository/core/RepositoryMetadata;Lorg/springframework/data/projection/ProjectionFactory;)Lorg/springframework/data/jpa/repository/query/JpaQueryMethod;+11
j  org.springframework.data.jpa.repository.query.JpaQueryLookupStrategy$AbstractQueryLookupStrategy.resolveQuery(Ljava/lang/reflect/Method;Lorg/springframework/data/repository/core/RepositoryMetadata;Lorg/springframework/data/projection/ProjectionFactory;Lorg/springframework/data/repository/core/NamedQueries;)Lorg/springframework/data/repository/query/RepositoryQuery;+7
j  org.springframework.data.repository.core.support.QueryExecutorMethodInterceptor.lookupQuery(Ljava/lang/reflect/Method;Lorg/springframework/data/repository/core/RepositoryInformation;Lorg/springframework/data/repository/query/QueryLookupStrategy;Lorg/springframework/data/projection/ProjectionFactory;)Lorg/springframework/data/util/Pair;+10
j  org.springframework.data.repository.core.support.QueryExecutorMethodInterceptor.mapMethodsToQuery(Lorg/springframework/data/repository/core/RepositoryInformation;Lorg/springframework/data/repository/query/QueryLookupStrategy;Lorg/springframework/data/projection/ProjectionFactory;)Ljava/util/Map;+50
j  org.springframework.data.repository.core.support.QueryExecutorMethodInterceptor.lambda$new$0(Lorg/springframework/data/repository/core/RepositoryInformation;Lorg/springframework/data/projection/ProjectionFactory;Lorg/springframework/data/repository/query/QueryLookupStrategy;)Ljava/util/Map;+4
j  org.springframework.data.repository.core.support.QueryExecutorMethodInterceptor$$Lambda$1430+0x0000000801485208.apply(Ljava/lang/Object;)Ljava/lang/Object;+16
J 6128 c1 java.util.Optional.map(Ljava/util/function/Function;)Ljava/util/Optional; java.base@18.0.2.1 (30 bytes) @ 0x0000016fc1445d74 [0x0000016fc1445b20+0x0000000000000254]
j  org.springframework.data.repository.core.support.QueryExecutorMethodInterceptor.<init>(Lorg/springframework/data/repository/core/RepositoryInformation;Lorg/springframework/data/projection/ProjectionFactory;Ljava/util/Optional;Lorg/springframework/data/repository/core/NamedQueries;Ljava/util/List;Ljava/util/List;)V+111
j  org.springframework.data.repository.core.support.RepositoryFactorySupport.getRepository(Ljava/lang/Class;Lorg/springframework/data/repository/core/support/RepositoryComposition$RepositoryFragments;)Ljava/lang/Object;+415
j  org.springframework.data.repository.core.support.RepositoryFactoryBeanSupport.lambda$afterPropertiesSet$5(Lorg/springframework/data/repository/core/support/RepositoryComposition$RepositoryFragments;)Lorg/springframework/data/repository/Repository;+9
j  org.springframework.data.repository.core.support.RepositoryFactoryBeanSupport$$Lambda$1294+0x0000000801465e40.get()Ljava/lang/Object;+8
J 6444 c2 org.springframework.data.util.Lazy.get()Ljava/lang/Object; (21 bytes) @ 0x0000016fc7f25d74 [0x0000016fc7f25d00+0x0000000000000074]
j  org.springframework.data.repository.core.support.RepositoryFactoryBeanSupport.afterPropertiesSet()V+232
j  org.springframework.data.jpa.repository.support.JpaRepositoryFactoryBean.afterPropertiesSet()V+18
j  org.springframework.beans.factory.support.AbstractAutowireCapableBeanFactory.invokeInitMethods(Ljava/lang/String;Ljava/lang/Object;Lorg/springframework/beans/factory/support/RootBeanDefinition;)V+56
j  org.springframework.beans.factory.support.AbstractAutowireCapableBeanFactory.initializeBean(Ljava/lang/String;Ljava/lang/Object;Lorg/springframework/beans/factory/support/RootBeanDefinition;)Ljava/lang/Object;+34
j  org.springframework.beans.factory.support.AbstractAutowireCapableBeanFactory.doCreateBean(Ljava/lang/String;Lorg/springframework/beans/factory/support/RootBeanDefinition;[Ljava/lang/Object;)Ljava/lang/Object;+228
j  org.springframework.beans.factory.support.AbstractAutowireCapableBeanFactory.createBean(Ljava/lang/String;Lorg/springframework/beans/factory/support/RootBeanDefinition;[Ljava/lang/Object;)Ljava/lang/Object;+153
j  org.springframework.beans.factory.support.AbstractBeanFactory.lambda$doGetBean$0(Ljava/lang/String;Lorg/springframework/beans/factory/support/RootBeanDefinition;[Ljava/lang/Object;)Ljava/lang/Object;+4
j  org.springframework.beans.factory.support.AbstractBeanFactory$$Lambda$631+0x0000000800e4d838.getObject()Ljava/lang/Object;+16
j  org.springframework.beans.factory.support.DefaultSingletonBeanRegistry.getSingleton(Ljava/lang/String;Lorg/springframework/beans/factory/ObjectFactory;)Ljava/lang/Object;+114
J 2813 c1 org.springframework.beans.factory.support.AbstractBeanFactory.doGetBean(Ljava/lang/String;Ljava/lang/Class;[Ljava/lang/Object;Z)Ljava/lang/Object; (714 bytes) @ 0x0000016fc0e2896c [0x0000016fc0e266c0+0x00000000000022ac]
j  org.springframework.beans.factory.support.AbstractBeanFactory.getBean(Ljava/lang/String;)Ljava/lang/Object;+5
j  org.springframework.beans.factory.config.DependencyDescriptor.resolveCandidate(Ljava/lang/String;Ljava/lang/Class;Lorg/springframework/beans/factory/BeanFactory;)Ljava/lang/Object;+2
j  org.springframework.beans.factory.support.DefaultListableBeanFactory.doResolveDependency(Lorg/springframework/beans/factory/config/DependencyDescriptor;Ljava/lang/String;Ljava/util/Set;Lorg/springframework/beans/TypeConverter;)Ljava/lang/Object;+444
j  org.springframework.beans.factory.support.DefaultListableBeanFactory.resolveDependency(Lorg/springframework/beans/factory/config/DependencyDescriptor;Ljava/lang/String;Ljava/util/Set;Lorg/springframework/beans/TypeConverter;)Ljava/lang/Object;+107
j  org.springframework.beans.factory.support.ConstructorResolver.resolveAutowiredArgument(Lorg/springframework/beans/factory/config/DependencyDescriptor;Ljava/lang/Class;Ljava/lang/String;Ljava/util/Set;Lorg/springframework/beans/TypeConverter;Z)Ljava/lang/Object;+53
j  org.springframework.beans.factory.support.ConstructorResolver.createArgumentArray(Ljava/lang/String;Lorg/springframework/beans/factory/support/RootBeanDefinition;Lorg/springframework/beans/factory/config/ConstructorArgumentValues;Lorg/springframework/beans/BeanWrapper;[Ljava/lang/Class;[Ljava/lang/String;Ljava/lang/reflect/Executable;ZZ)Lorg/springframework/beans/factory/support/ConstructorResolver$ArgumentsHolder;+420
j  org.springframework.beans.factory.support.ConstructorResolver.autowireConstructor(Ljava/lang/String;Lorg/springframework/beans/factory/support/RootBeanDefinition;[Ljava/lang/reflect/Constructor;[Ljava/lang/Object;)Lorg/springframework/beans/BeanWrapper;+530
j  org.springframework.beans.factory.support.AbstractAutowireCapableBeanFactory.autowireConstructor(Ljava/lang/String;Lorg/springframework/beans/factory/support/RootBeanDefinition;[Ljava/lang/reflect/Constructor;[Ljava/lang/Object;)Lorg/springframework/beans/BeanWrapper;+13
j  org.springframework.beans.factory.support.AbstractAutowireCapableBeanFactory.createBeanInstance(Ljava/lang/String;Lorg/springframework/beans/factory/support/RootBeanDefinition;[Ljava/lang/Object;)Lorg/springframework/beans/BeanWrapper;+209
j  org.springframework.beans.factory.support.AbstractAutowireCapableBeanFactory.doCreateBean(Ljava/lang/String;Lorg/springframework/beans/factory/support/RootBeanDefinition;[Ljava/lang/Object;)Ljava/lang/Object;+34
j  org.springframework.beans.factory.support.AbstractAutowireCapableBeanFactory.createBean(Ljava/lang/String;Lorg/springframework/beans/factory/support/RootBeanDefinition;[Ljava/lang/Object;)Ljava/lang/Object;+153
j  org.springframework.beans.factory.support.AbstractBeanFactory.lambda$doGetBean$0(Ljava/lang/String;Lorg/springframework/beans/factory/support/RootBeanDefinition;[Ljava/lang/Object;)Ljava/lang/Object;+4
j  org.springframework.beans.factory.support.AbstractBeanFactory$$Lambda$631+0x0000000800e4d838.getObject()Ljava/lang/Object;+16
j  org.springframework.beans.factory.support.DefaultSingletonBeanRegistry.getSingleton(Ljava/lang/String;Lorg/springframework/beans/factory/ObjectFactory;)Ljava/lang/Object;+114
J 2813 c1 org.springframework.beans.factory.support.AbstractBeanFactory.doGetBean(Ljava/lang/String;Ljava/lang/Class;[Ljava/lang/Object;Z)Ljava/lang/Object; (714 bytes) @ 0x0000016fc0e2896c [0x0000016fc0e266c0+0x00000000000022ac]
j  org.springframework.beans.factory.support.AbstractBeanFactory.getBean(Ljava/lang/String;)Ljava/lang/Object;+5
j  org.springframework.beans.factory.config.DependencyDescriptor.resolveCandidate(Ljava/lang/String;Ljava/lang/Class;Lorg/springframework/beans/factory/BeanFactory;)Ljava/lang/Object;+2
j  org.springframework.beans.factory.support.DefaultListableBeanFactory.doResolveDependency(Lorg/springframework/beans/factory/config/DependencyDescriptor;Ljava/lang/String;Ljava/util/Set;Lorg/springframework/beans/TypeConverter;)Ljava/lang/Object;+444
j  org.springframework.beans.factory.support.DefaultListableBeanFactory.resolveDependency(Lorg/springframework/beans/factory/config/DependencyDescriptor;Ljava/lang/String;Ljava/util/Set;Lorg/springframework/beans/TypeConverter;)Ljava/lang/Object;+107
j  org.springframework.beans.factory.support.ConstructorResolver.resolveAutowiredArgument(Lorg/springframework/beans/factory/config/DependencyDescriptor;Ljava/lang/Class;Ljava/lang/String;Ljava/util/Set;Lorg/springframework/beans/TypeConverter;Z)Ljava/lang/Object;+53
j  org.springframework.beans.factory.support.ConstructorResolver.createArgumentArray(Ljava/lang/String;Lorg/springframework/beans/factory/support/RootBeanDefinition;Lorg/springframework/beans/factory/config/ConstructorArgumentValues;Lorg/springframework/beans/BeanWrapper;[Ljava/lang/Class;[Ljava/lang/String;Ljava/lang/reflect/Executable;ZZ)Lorg/springframework/beans/factory/support/ConstructorResolver$ArgumentsHolder;+420
j  org.springframework.beans.factory.support.ConstructorResolver.autowireConstructor(Ljava/lang/String;Lorg/springframework/beans/factory/support/RootBeanDefinition;[Ljava/lang/reflect/Constructor;[Ljava/lang/Object;)Lorg/springframework/beans/BeanWrapper;+530
j  org.springframework.beans.factory.support.AbstractAutowireCapableBeanFactory.autowireConstructor(Ljava/lang/String;Lorg/springframework/beans/factory/support/RootBeanDefinition;[Ljava/lang/reflect/Constructor;[Ljava/lang/Object;)Lorg/springframework/beans/BeanWrapper;+13
j  org.springframework.beans.factory.support.AbstractAutowireCapableBeanFactory.createBeanInstance(Ljava/lang/String;Lorg/springframework/beans/factory/support/RootBeanDefinition;[Ljava/lang/Object;)Lorg/springframework/beans/BeanWrapper;+209
j  org.springframework.beans.factory.support.AbstractAutowireCapableBeanFactory.doCreateBean(Ljava/lang/String;Lorg/springframework/beans/factory/support/RootBeanDefinition;[Ljava/lang/Object;)Ljava/lang/Object;+34
j  org.springframework.beans.factory.support.AbstractAutowireCapableBeanFactory.createBean(Ljava/lang/String;Lorg/springframework/beans/factory/support/RootBeanDefinition;[Ljava/lang/Object;)Ljava/lang/Object;+153
j  org.springframework.beans.factory.support.AbstractBeanFactory.lambda$doGetBean$0(Ljava/lang/String;Lorg/springframework/beans/factory/support/RootBeanDefinition;[Ljava/lang/Object;)Ljava/lang/Object;+4
j  org.springframework.beans.factory.support.AbstractBeanFactory$$Lambda$631+0x0000000800e4d838.getObject()Ljava/lang/Object;+16
j  org.springframework.beans.factory.support.DefaultSingletonBeanRegistry.getSingleton(Ljava/lang/String;Lorg/springframework/beans/factory/ObjectFactory;)Ljava/lang/Object;+114
J 2813 c1 org.springframework.beans.factory.support.AbstractBeanFactory.doGetBean(Ljava/lang/String;Ljava/lang/Class;[Ljava/lang/Object;Z)Ljava/lang/Object; (714 bytes) @ 0x0000016fc0e2896c [0x0000016fc0e266c0+0x00000000000022ac]
j  org.springframework.beans.factory.support.AbstractBeanFactory.getBean(Ljava/lang/String;)Ljava/lang/Object;+5
j  org.springframework.beans.factory.support.DefaultListableBeanFactory.preInstantiateSingletons()V+152
j  org.springframework.context.support.AbstractApplicationContext.finishBeanFactoryInitialization(Lorg/springframework/beans/factory/config/ConfigurableListableBeanFactory;)V+130
j  org.springframework.context.support.AbstractApplicationContext.refresh()V+86
j  org.springframework.boot.SpringApplication.refresh(Lorg/springframework/context/ConfigurableApplicationContext;)V+1
j  org.springframework.boot.SpringApplication.refreshContext(Lorg/springframework/context/ConfigurableApplicationContext;)V+16
j  org.springframework.boot.SpringApplication.run([Ljava/lang/String;)Lorg/springframework/context/ConfigurableApplicationContext;+114
j  org.springframework.boot.test.context.SpringBootContextLoader.lambda$loadContext$3(Lorg/springframework/boot/SpringApplication;[Ljava/lang/String;)Lorg/springframework/context/ConfigurableApplicationContext;+2
j  org.springframework.boot.test.context.SpringBootContextLoader$$Lambda$490+0x0000000800d6c9e0.getWithException()Ljava/lang/Object;+8
j  org.springframework.util.function.ThrowingSupplier.get(Ljava/util/function/BiFunction;)Ljava/lang/Object;+1
j  org.springframework.util.function.ThrowingSupplier.get()Ljava/lang/Object;+6
j  org.springframework.boot.SpringApplication.withHook(Lorg/springframework/boot/SpringApplicationHook;Lorg/springframework/util/function/ThrowingSupplier;)Ljava/lang/Object;+8
j  org.springframework.boot.test.context.SpringBootContextLoader$ContextLoaderHook.run(Lorg/springframework/util/function/ThrowingSupplier;)Lorg/springframework/context/ApplicationContext;+2
j  org.springframework.boot.test.context.SpringBootContextLoader.loadContext(Lorg/springframework/test/context/MergedContextConfiguration;Lorg/springframework/boot/test/context/SpringBootContextLoader$Mode;Lorg/springframework/context/ApplicationContextInitializer;)Lorg/springframework/context/ApplicationContext;+110
j  org.springframework.boot.test.context.SpringBootContextLoader.loadContext(Lorg/springframework/test/context/MergedContextConfiguration;)Lorg/springframework/context/ApplicationContext;+6
j  org.springframework.test.context.cache.DefaultCacheAwareContextLoaderDelegate.loadContextInternal(Lorg/springframework/test/context/MergedContextConfiguration;)Lorg/springframework/context/ApplicationContext;+20
j  org.springframework.test.context.cache.DefaultCacheAwareContextLoaderDelegate.loadContext(Lorg/springframework/test/context/MergedContextConfiguration;)Lorg/springframework/context/ApplicationContext;+53
j  org.springframework.test.context.support.DefaultTestContext.getApplicationContext()Lorg/springframework/context/ApplicationContext;+8
j  org.springframework.test.context.web.ServletTestExecutionListener.setUpRequestContextIfNecessary(Lorg/springframework/test/context/TestContext;)V+18
j  org.springframework.test.context.web.ServletTestExecutionListener.prepareTestInstance(Lorg/springframework/test/context/TestContext;)V+2
j  org.springframework.test.context.TestContextManager.prepareTestInstance(Ljava/lang/Object;)V+71
j  org.springframework.test.context.junit.jupiter.SpringExtension.postProcessTestInstance(Ljava/lang/Object;Lorg/junit/jupiter/api/extension/ExtensionContext;)V+10
j  org.junit.jupiter.engine.descriptor.ClassBasedTestDescriptor.lambda$invokeTestInstancePostProcessors$10(Lorg/junit/jupiter/api/extension/TestInstancePostProcessor;Ljava/lang/Object;Lorg/junit/jupiter/api/extension/ExtensionContext;)V+3
j  org.junit.jupiter.engine.descriptor.ClassBasedTestDescriptor$$Lambda$473+0x0000000800d5b938.execute()V+12
j  org.junit.jupiter.engine.descriptor.ClassBasedTestDescriptor.executeAndMaskThrowable(Lorg/junit/jupiter/api/function/Executable;)V+1
j  org.junit.jupiter.engine.descriptor.ClassBasedTestDescriptor.lambda$invokeTestInstancePostProcessors$11(Ljava/lang/Object;Lorg/junit/jupiter/api/extension/ExtensionContext;Lorg/junit/jupiter/api/extension/TestInstancePostProcessor;)V+9
j  org.junit.jupiter.engine.descriptor.ClassBasedTestDescriptor$$Lambda$472+0x0000000800d5b530.accept(Ljava/lang/Object;)V+16
j  java.util.stream.StreamSpliterators$WrappingSpliterator$$Lambda$173+0x0000000800c6f628.accept(Ljava/lang/Object;)V+5 java.base@18.0.2.1
J 1536 c1 java.util.stream.ReferencePipeline$3$1.accept(Ljava/lang/Object;)V java.base@18.0.2.1 (23 bytes) @ 0x0000016fc0b4c88c [0x0000016fc0b4c6c0+0x00000000000001cc]
J 1566 c1 java.util.stream.ReferencePipeline$2$1.accept(Ljava/lang/Object;)V java.base@18.0.2.1 (27 bytes) @ 0x0000016fc0b60554 [0x0000016fc0b60340+0x0000000000000214]
j  java.util.ArrayList$ArrayListSpliterator.forEachRemaining(Ljava/util/function/Consumer;)V+95 java.base@18.0.2.1
j  java.util.stream.AbstractPipeline.copyInto(Ljava/util/stream/Sink;Ljava/util/Spliterator;)V+32 java.base@18.0.2.1
j  java.util.stream.AbstractPipeline.wrapAndCopyInto(Ljava/util/stream/Sink;Ljava/util/Spliterator;)Ljava/util/stream/Sink;+13 java.base@18.0.2.1
j  java.util.stream.StreamSpliterators$WrappingSpliterator.forEachRemaining(Ljava/util/function/Consumer;)V+42 java.base@18.0.2.1
j  java.util.stream.Streams$ConcatSpliterator.forEachRemaining(Ljava/util/function/Consumer;)V+22 java.base@18.0.2.1
j  java.util.stream.Streams$ConcatSpliterator.forEachRemaining(Ljava/util/function/Consumer;)V+12 java.base@18.0.2.1
j  java.util.stream.ReferencePipeline$Head.forEach(Ljava/util/function/Consumer;)V+12 java.base@18.0.2.1
j  org.junit.jupiter.engine.descriptor.ClassBasedTestDescriptor.invokeTestInstancePostProcessors(Ljava/lang/Object;Lorg/junit/jupiter/engine/extension/ExtensionRegistry;Lorg/junit/jupiter/api/extension/ExtensionContext;)V+17
j  org.junit.jupiter.engine.descriptor.ClassBasedTestDescriptor.lambda$instantiateAndPostProcessTestInstance$6(Lorg/junit/jupiter/api/extension/TestInstances;Lorg/junit/jupiter/engine/extension/ExtensionRegistry;Lorg/junit/jupiter/api/extension/ExtensionContext;Lorg/junit/jupiter/engine/extension/ExtensionRegistrar;)V+9
j  org.junit.jupiter.engine.descriptor.ClassBasedTestDescriptor$$Lambda$471+0x0000000800d5b320.execute()V+20
j  org.junit.platform.engine.support.hierarchical.ThrowableCollector.execute(Lorg/junit/platform/engine/support/hierarchical/ThrowableCollector$Executable;)V+1
j  org.junit.jupiter.engine.descriptor.ClassBasedTestDescriptor.instantiateAndPostProcessTestInstance(Lorg/junit/jupiter/engine/execution/JupiterEngineExecutionContext;Lorg/junit/jupiter/api/extension/ExtensionContext;Lorg/junit/jupiter/engine/extension/ExtensionRegistry;Lorg/junit/jupiter/engine/extension/ExtensionRegistrar;Lorg/junit/platform/engine/support/hierarchical/ThrowableCollector;)Lorg/junit/jupiter/api/extension/TestInstances;+27
j  org.junit.jupiter.engine.descriptor.ClassBasedTestDescriptor.lambda$testInstancesProvider$4(Lorg/junit/jupiter/engine/execution/JupiterEngineExecutionContext;Lorg/junit/jupiter/engine/descriptor/ClassExtensionContext;Lorg/junit/jupiter/engine/extension/ExtensionRegistry;Lorg/junit/jupiter/engine/extension/ExtensionRegistrar;Lorg/junit/platform/engine/support/hierarchical/ThrowableCollector;)Lorg/junit/jupiter/api/extension/TestInstances;+8
j  org.junit.jupiter.engine.descriptor.ClassBasedTestDescriptor$$Lambda$465+0x0000000800d5f1e0.get()Ljava/lang/Object;+24
j  java.util.Optional.orElseGet(Ljava/util/function/Supplier;)Ljava/lang/Object;+15 java.base@18.0.2.1
j  org.junit.jupiter.engine.descriptor.ClassBasedTestDescriptor.lambda$testInstancesProvider$5(Lorg/junit/jupiter/engine/descriptor/ClassExtensionContext;Lorg/junit/jupiter/engine/execution/JupiterEngineExecutionContext;Lorg/junit/jupiter/engine/extension/ExtensionRegistry;Lorg/junit/jupiter/engine/extension/ExtensionRegistrar;Lorg/junit/platform/engine/support/hierarchical/ThrowableCollector;)Lorg/junit/jupiter/api/extension/TestInstances;+17
j  org.junit.jupiter.engine.descriptor.ClassBasedTestDescriptor$$Lambda$327+0x0000000800ca9bd8.getTestInstances(Lorg/junit/jupiter/engine/extension/ExtensionRegistry;Lorg/junit/jupiter/engine/extension/ExtensionRegistrar;Lorg/junit/platform/engine/support/hierarchical/ThrowableCollector;)Lorg/junit/jupiter/api/extension/TestInstances;+15
j  org.junit.jupiter.engine.execution.TestInstancesProvider.getTestInstances(Lorg/junit/jupiter/engine/extension/MutableExtensionRegistry;Lorg/junit/platform/engine/support/hierarchical/ThrowableCollector;)Lorg/junit/jupiter/api/extension/TestInstances;+4
j  org.junit.jupiter.engine.descriptor.TestMethodTestDescriptor.lambda$prepare$0(Lorg/junit/jupiter/engine/execution/JupiterEngineExecutionContext;Lorg/junit/jupiter/engine/extension/MutableExtensionRegistry;Lorg/junit/platform/engine/support/hierarchical/ThrowableCollector;Lorg/junit/jupiter/engine/descriptor/MethodExtensionContext;)V+6
j  org.junit.jupiter.engine.descriptor.TestMethodTestDescriptor$$Lambda$464+0x0000000800d5efd0.execute()V+16
j  org.junit.platform.engine.support.hierarchical.ThrowableCollector.execute(Lorg/junit/platform/engine/support/hierarchical/ThrowableCollector$Executable;)V+1
j  org.junit.jupiter.engine.descriptor.TestMethodTestDescriptor.prepare(Lorg/junit/jupiter/engine/execution/JupiterEngineExecutionContext;)Lorg/junit/jupiter/engine/execution/JupiterEngineExecutionContext;+56
j  org.junit.jupiter.engine.descriptor.TestMethodTestDescriptor.prepare(Lorg/junit/platform/engine/support/hierarchical/EngineExecutionContext;)Lorg/junit/platform/engine/support/hierarchical/EngineExecutionContext;+5
j  org.junit.platform.engine.support.hierarchical.NodeTestTask.lambda$prepare$2()V+9
j  org.junit.platform.engine.support.hierarchical.NodeTestTask$$Lambda$264+0x0000000800c9f2e0.execute()V+4
j  org.junit.platform.engine.support.hierarchical.ThrowableCollector.execute(Lorg/junit/platform/engine/support/hierarchical/ThrowableCollector$Executable;)V+1
j  org.junit.platform.engine.support.hierarchical.NodeTestTask.prepare()V+10
j  org.junit.platform.engine.support.hierarchical.NodeTestTask.execute()V+17
j  org.junit.platform.engine.support.hierarchical.SameThreadHierarchicalTestExecutorService$$Lambda$290+0x0000000800ca5e10.accept(Ljava/lang/Object;)V+4
j  java.util.ArrayList.forEach(Ljava/util/function/Consumer;)V+46 java.base@18.0.2.1
j  org.junit.platform.engine.support.hierarchical.SameThreadHierarchicalTestExecutorService.invokeAll(Ljava/util/List;)V+6
j  org.junit.platform.engine.support.hierarchical.NodeTestTask.lambda$executeRecursively$6()V+116
j  org.junit.platform.engine.support.hierarchical.NodeTestTask$$Lambda$286+0x0000000800ca5370.execute()V+4
j  org.junit.platform.engine.support.hierarchical.ThrowableCollector.execute(Lorg/junit/platform/engine/support/hierarchical/ThrowableCollector$Executable;)V+1
j  org.junit.platform.engine.support.hierarchical.NodeTestTask.lambda$executeRecursively$8(Lorg/junit/platform/engine/support/hierarchical/EngineExecutionContext;)V+15
j  org.junit.platform.engine.support.hierarchical.NodeTestTask$$Lambda$285+0x0000000800ca5160.invoke(Lorg/junit/platform/engine/support/hierarchical/EngineExecutionContext;)V+5
j  org.junit.platform.engine.support.hierarchical.Node.around(Lorg/junit/platform/engine/support/hierarchical/EngineExecutionContext;Lorg/junit/platform/engine/support/hierarchical/Node$Invocation;)V+2
j  org.junit.platform.engine.support.hierarchical.NodeTestTask.lambda$executeRecursively$9()V+14
j  org.junit.platform.engine.support.hierarchical.NodeTestTask$$Lambda$284+0x0000000800ca4d68.execute()V+4
j  org.junit.platform.engine.support.hierarchical.ThrowableCollector.execute(Lorg/junit/platform/engine/support/hierarchical/ThrowableCollector$Executable;)V+1
j  org.junit.platform.engine.support.hierarchical.NodeTestTask.executeRecursively()V+31
j  org.junit.platform.engine.support.hierarchical.NodeTestTask.execute()V+55
j  org.junit.platform.engine.support.hierarchical.SameThreadHierarchicalTestExecutorService$$Lambda$290+0x0000000800ca5e10.accept(Ljava/lang/Object;)V+4
j  java.util.ArrayList.forEach(Ljava/util/function/Consumer;)V+46 java.base@18.0.2.1
j  org.junit.platform.engine.support.hierarchical.SameThreadHierarchicalTestExecutorService.invokeAll(Ljava/util/List;)V+6
j  org.junit.platform.engine.support.hierarchical.NodeTestTask.lambda$executeRecursively$6()V+116
j  org.junit.platform.engine.support.hierarchical.NodeTestTask$$Lambda$286+0x0000000800ca5370.execute()V+4
j  org.junit.platform.engine.support.hierarchical.ThrowableCollector.execute(Lorg/junit/platform/engine/support/hierarchical/ThrowableCollector$Executable;)V+1
j  org.junit.platform.engine.support.hierarchical.NodeTestTask.lambda$executeRecursively$8(Lorg/junit/platform/engine/support/hierarchical/EngineExecutionContext;)V+15
j  org.junit.platform.engine.support.hierarchical.NodeTestTask$$Lambda$285+0x0000000800ca5160.invoke(Lorg/junit/platform/engine/support/hierarchical/EngineExecutionContext;)V+5
j  org.junit.platform.engine.support.hierarchical.Node.around(Lorg/junit/platform/engine/support/hierarchical/EngineExecutionContext;Lorg/junit/platform/engine/support/hierarchical/Node$Invocation;)V+2
j  org.junit.platform.engine.support.hierarchical.NodeTestTask.lambda$executeRecursively$9()V+14
j  org.junit.platform.engine.support.hierarchical.NodeTestTask$$Lambda$284+0x0000000800ca4d68.execute()V+4
j  org.junit.platform.engine.support.hierarchical.ThrowableCollector.execute(Lorg/junit/platform/engine/support/hierarchical/ThrowableCollector$Executable;)V+1
j  org.junit.platform.engine.support.hierarchical.NodeTestTask.executeRecursively()V+31
j  org.junit.platform.engine.support.hierarchical.NodeTestTask.execute()V+55
j  org.junit.platform.engine.support.hierarchical.SameThreadHierarchicalTestExecutorService.submit(Lorg/junit/platform/engine/support/hierarchical/HierarchicalTestExecutorService$TestTask;)Ljava/util/concurrent/Future;+1
j  org.junit.platform.engine.support.hierarchical.HierarchicalTestExecutor.execute()Ljava/util/concurrent/Future;+74
j  org.junit.platform.engine.support.hierarchical.HierarchicalTestEngine.execute(Lorg/junit/platform/engine/ExecutionRequest;)V+31
j  org.junit.platform.launcher.core.EngineExecutionOrchestrator.execute(Lorg/junit/platform/engine/TestDescriptor;Lorg/junit/platform/engine/EngineExecutionListener;Lorg/junit/platform/engine/ConfigurationParameters;Lorg/junit/platform/engine/TestEngine;)V+24
j  org.junit.platform.launcher.core.EngineExecutionOrchestrator.execute(Lorg/junit/platform/launcher/core/LauncherDiscoveryResult;Lorg/junit/platform/engine/EngineExecutionListener;)V+100
j  org.junit.platform.launcher.core.EngineExecutionOrchestrator.execute(Lorg/junit/platform/launcher/core/InternalTestPlan;Lorg/junit/platform/engine/EngineExecutionListener;Lorg/junit/platform/launcher/TestExecutionListener;)V+63
j  org.junit.platform.launcher.core.EngineExecutionOrchestrator.lambda$execute$0(Lorg/junit/platform/launcher/core/InternalTestPlan;Lorg/junit/platform/launcher/TestExecutionListener;)V+6
j  org.junit.platform.launcher.core.EngineExecutionOrchestrator$$Lambda$239+0x0000000800c939e8.accept(Ljava/lang/Object;)V+12
j  org.junit.platform.launcher.core.EngineExecutionOrchestrator.withInterceptedStreams(Lorg/junit/platform/engine/ConfigurationParameters;Lorg/junit/platform/launcher/core/ListenerRegistry;Ljava/util/function/Consumer;)V+51
j  org.junit.platform.launcher.core.EngineExecutionOrchestrator.execute(Lorg/junit/platform/launcher/core/InternalTestPlan;[Lorg/junit/platform/launcher/TestExecutionListener;)V+23
j  org.junit.platform.launcher.core.DefaultLauncher.execute(Lorg/junit/platform/launcher/core/InternalTestPlan;[Lorg/junit/platform/launcher/TestExecutionListener;)V+6
j  org.junit.platform.launcher.core.DefaultLauncher.execute(Lorg/junit/platform/launcher/LauncherDiscoveryRequest;[Lorg/junit/platform/launcher/TestExecutionListener;)V+34
j  org.junit.platform.launcher.core.DefaultLauncherSession$DelegatingLauncher.execute(Lorg/junit/platform/launcher/LauncherDiscoveryRequest;[Lorg/junit/platform/launcher/TestExecutionListener;)V+6
j  org.apache.maven.surefire.junitplatform.LazyLauncher.execute(Lorg/junit/platform/launcher/LauncherDiscoveryRequest;[Lorg/junit/platform/launcher/TestExecutionListener;)V+6
j  org.apache.maven.surefire.junitplatform.JUnitPlatformProvider.execute(Lorg/apache/maven/surefire/api/util/TestsToRun;Lorg/apache/maven/surefire/junitplatform/RunListenerAdapter;)V+70
j  org.apache.maven.surefire.junitplatform.JUnitPlatformProvider.invokeAllTests(Lorg/apache/maven/surefire/api/util/TestsToRun;Lorg/apache/maven/surefire/junitplatform/RunListenerAdapter;)V+3
j  org.apache.maven.surefire.junitplatform.JUnitPlatformProvider.invoke(Ljava/lang/Object;)Lorg/apache/maven/surefire/api/suite/RunResult;+95
j  org.apache.maven.surefire.booter.ForkedBooter.runSuitesInProcess()V+8
j  org.apache.maven.surefire.booter.ForkedBooter.execute()V+1
j  org.apache.maven.surefire.booter.ForkedBooter.run(Lorg/apache/maven/surefire/booter/ForkedBooter;[Ljava/lang/String;)V+27
j  org.apache.maven.surefire.booter.ForkedBooter.main([Ljava/lang/String;)V+10
v  ~StubRoutines::call_stub

---------------  P R O C E S S  ---------------

Threads class SMR info:
_java_thread_list=0x0000016fdc4d5d80, length=17, elements={
0x0000016fb898c930, 0x0000016fd6247c70, 0x0000016fd624a760, 0x0000016fd6262720,
0x0000016fd62630c0, 0x0000016fd6265bb0, 0x0000016fd62673d0, 0x0000016fd626a9a0,
0x0000016fd626f0f0, 0x0000016fd6294610, 0x0000016fda58f180, 0x0000016fda5940d0,
0x0000016fdaa61670, 0x0000016fdab8f680, 0x0000016fdaf213b0, 0x0000016fdaf20540,
0x0000016fdb9d0420
}

Java Threads: ( => current thread )
=>0x0000016fb898c930 JavaThread "main" [_thread_in_vm, id=14328, stack(0x00000018e4d00000,0x00000018e4e00000)]
  0x0000016fd6247c70 JavaThread "Reference Handler" daemon [_thread_blocked, id=22388, stack(0x00000018e5400000,0x00000018e5500000)]
  0x0000016fd624a760 JavaThread "Finalizer" daemon [_thread_blocked, id=3596, stack(0x00000018e5500000,0x00000018e5600000)]
  0x0000016fd6262720 JavaThread "Signal Dispatcher" daemon [_thread_blocked, id=13936, stack(0x00000018e5600000,0x00000018e5700000)]
  0x0000016fd62630c0 JavaThread "Attach Listener" daemon [_thread_blocked, id=5932, stack(0x00000018e5700000,0x00000018e5800000)]
  0x0000016fd6265bb0 JavaThread "Service Thread" daemon [_thread_blocked, id=13604, stack(0x00000018e5800000,0x00000018e5900000)]
  0x0000016fd62673d0 JavaThread "Monitor Deflation Thread" daemon [_thread_blocked, id=19788, stack(0x00000018e5900000,0x00000018e5a00000)]
  0x0000016fd626a9a0 JavaThread "C2 CompilerThread0" daemon [_thread_in_native, id=18928, stack(0x00000018e5a00000,0x00000018e5b00000)]
  0x0000016fd626f0f0 JavaThread "C1 CompilerThread0" daemon [_thread_blocked, id=15664, stack(0x00000018e5b00000,0x00000018e5c00000)]
  0x0000016fd6294610 JavaThread "Sweeper thread" daemon [_thread_blocked, id=15584, stack(0x00000018e5c00000,0x00000018e5d00000)]
  0x0000016fda58f180 JavaThread "Notification Thread" daemon [_thread_blocked, id=14052, stack(0x00000018e5d00000,0x00000018e5e00000)]
  0x0000016fda5940d0 JavaThread "Common-Cleaner" daemon [_thread_blocked, id=23220, stack(0x00000018e5f00000,0x00000018e6000000)]
  0x0000016fdaa61670 JavaThread "surefire-forkedjvm-stream-flusher" daemon [_thread_blocked, id=13240, stack(0x00000018e6000000,0x00000018e6100000)]
  0x0000016fdab8f680 JavaThread "surefire-forkedjvm-command-thread" daemon [_thread_in_native, id=15944, stack(0x00000018e6100000,0x00000018e6200000)]
  0x0000016fdaf213b0 JavaThread "mysql-cj-abandoned-connection-cleanup" daemon [_thread_blocked, id=17504, stack(0x00000018e6500000,0x00000018e6600000)]
  0x0000016fdaf20540 JavaThread "HikariPool-1 housekeeper" daemon [_thread_blocked, id=15716, stack(0x00000018e6700000,0x00000018e6800000)]
  0x0000016fdb9d0420 JavaThread "C2 CompilerThread1" daemon [_thread_in_native, id=19612, stack(0x00000018e6800000,0x00000018e6900000)]

Other Threads:
  0x0000016fd6240dc0 VMThread "VM Thread" [stack: 0x00000018e5300000,0x00000018e5400000] [id=21100]
  0x0000016fda593e60 WatcherThread "VM Periodic Task Thread" [stack: 0x00000018e5e00000,0x00000018e5f00000] [id=10312]
  0x0000016fb89ea3a0 WorkerThread "GC Thread#0" [stack: 0x00000018e4e00000,0x00000018e4f00000] [id=16236]
  0x0000016fda8fdf00 WorkerThread "GC Thread#1" [stack: 0x00000018e6200000,0x00000018e6300000] [id=20408]
  0x0000016fda8fe1a0 WorkerThread "GC Thread#2" [stack: 0x00000018e6300000,0x00000018e6400000] [id=15800]
  0x0000016fda8fec20 WorkerThread "GC Thread#3" [stack: 0x00000018e6400000,0x00000018e6500000] [id=21948]
  0x0000016fb89faf10 ConcurrentGCThread "G1 Main Marker" [stack: 0x00000018e4f00000,0x00000018e5000000] [id=11860]
  0x0000016fb89fc0a0 WorkerThread "G1 Conc#0" [stack: 0x00000018e5000000,0x00000018e5100000] [id=19144]
  0x0000016fb8a3a260 ConcurrentGCThread "G1 Refine#0" [stack: 0x00000018e5100000,0x00000018e5200000] [id=22156]
  0x0000016fb8a3aa10 ConcurrentGCThread "G1 Service" [stack: 0x00000018e5200000,0x00000018e5300000] [id=3664]

Threads with active compile tasks:
C2 CompilerThread0    22617 6527       4       org.springframework.beans.factory.support.AbstractBeanFactory::isTypeMatch (619 bytes)
C2 CompilerThread1    22617 6546       4       org.springframework.core.ResolvableType::forType (115 bytes)

VM state: not at safepoint (normal execution)

VM Mutex/Monitor currently owned by a thread: None

Heap address: 0x0000000081e00000, size: 2018 MB, Compressed Oops mode: 32-bit

CDS archive(s) mapped at: [0x0000000800000000-0x0000000800ba0000-0x0000000800ba0000), size 12189696, SharedBaseAddress: 0x0000000800000000, ArchiveRelocationMode: 0.
Compressed class space mapped at: 0x0000000800c00000-0x0000000840c00000, reserved size: 1073741824
Narrow klass base: 0x0000000800000000, Narrow klass shift: 0, Narrow klass range: 0x100000000

GC Precious Log:
 CardTable entry size: 512
 Card Set container configuration: InlinePtr #cards 5 size 8 Array Of Cards #cards 12 size 40 Howl #buckets 4 coarsen threshold 1843 Howl Bitmap #cards 512 size 80 coarsen threshold 460 Card regions per heap region 1 cards per card region 2048
 CPUs: 4 total, 4 available
 Memory: 8069M
 Large Page Support: Disabled
 NUMA Support: Disabled
 Compressed Oops: Enabled (32-bit)
 Heap Region Size: 1M
 Heap Min Capacity: 8M
 Heap Initial Capacity: 128M
 Heap Max Capacity: 2018M
 Pre-touch: Disabled
 Parallel Workers: 4
 Concurrent Workers: 1
 Concurrent Refinement Workers: 4
 Periodic GC: Disabled

Heap:
 garbage-first heap   total 66560K, used 45017K [0x0000000081e00000, 0x0000000100000000)
  region size 1024K, 19 young (19456K), 3 survivors (3072K)
 Metaspace       used 65607K, committed 66176K, reserved 1114112K
  class space    used 8890K, committed 9152K, reserved 1048576K

Heap Regions: E=young(eden), S=young(survivor), O=old, HS=humongous(starts), HC=humongous(continues), CS=collection set, F=free, OA=open archive, CA=closed archive, TAMS=top-at-mark-start (previous, next)
|   0|0x0000000081e00000, 0x0000000081f00000, 0x0000000081f00000|100%|HS|  |TAMS 0x0000000081f00000, 0x0000000081e00000| Complete 
|   1|0x0000000081f00000, 0x0000000082000000, 0x0000000082000000|100%| O|  |TAMS 0x0000000082000000, 0x0000000081f00000| Untracked 
|   2|0x0000000082000000, 0x0000000082100000, 0x0000000082100000|100%| O|  |TAMS 0x0000000082100000, 0x0000000082000000| Untracked 
|   3|0x0000000082100000, 0x0000000082200000, 0x0000000082200000|100%| O|  |TAMS 0x0000000082200000, 0x0000000082100000| Untracked 
|   4|0x0000000082200000, 0x0000000082300000, 0x0000000082300000|100%| O|  |TAMS 0x0000000082300000, 0x0000000082200000| Untracked 
|   5|0x0000000082300000, 0x0000000082400000, 0x0000000082400000|100%| O|  |TAMS 0x0000000082400000, 0x0000000082300000| Untracked 
|   6|0x0000000082400000, 0x0000000082500000, 0x0000000082500000|100%| O|  |TAMS 0x0000000082500000, 0x0000000082400000| Untracked 
|   7|0x0000000082500000, 0x00000000825b9200, 0x0000000082600000| 72%| O|  |TAMS 0x00000000825b9200, 0x0000000082500000| Untracked 
|   8|0x0000000082600000, 0x0000000082700000, 0x0000000082700000|100%| O|  |TAMS 0x0000000082700000, 0x0000000082600000| Untracked 
|   9|0x0000000082700000, 0x0000000082800000, 0x0000000082800000|100%| O|  |TAMS 0x0000000082800000, 0x0000000082700000| Untracked 
|  10|0x0000000082800000, 0x0000000082900000, 0x0000000082900000|100%| O|  |TAMS 0x0000000082900000, 0x0000000082800000| Untracked 
|  11|0x0000000082900000, 0x0000000082a00000, 0x0000000082a00000|100%| O|  |TAMS 0x0000000082a00000, 0x0000000082900000| Untracked 
|  12|0x0000000082a00000, 0x0000000082b00000, 0x0000000082b00000|100%| O|  |TAMS 0x0000000082b00000, 0x0000000082a00000| Untracked 
|  13|0x0000000082b00000, 0x0000000082c00000, 0x0000000082c00000|100%| O|  |TAMS 0x0000000082c00000, 0x0000000082b00000| Untracked 
|  14|0x0000000082c00000, 0x0000000082d00000, 0x0000000082d00000|100%| O|  |TAMS 0x0000000082d00000, 0x0000000082c00000| Untracked 
|  15|0x0000000082d00000, 0x0000000082e00000, 0x0000000082e00000|100%| O|  |TAMS 0x0000000082e00000, 0x0000000082d00000| Untracked 
|  16|0x0000000082e00000, 0x0000000082f00000, 0x0000000082f00000|100%| O|  |TAMS 0x0000000082f00000, 0x0000000082e00000| Untracked 
|  17|0x0000000082f00000, 0x0000000083000000, 0x0000000083000000|100%| O|  |TAMS 0x0000000083000000, 0x0000000082f00000| Untracked 
|  18|0x0000000083000000, 0x0000000083100000, 0x0000000083100000|100%| O|  |TAMS 0x0000000083100000, 0x0000000083000000| Untracked 
|  19|0x0000000083100000, 0x0000000083200000, 0x0000000083200000|100%| O|  |TAMS 0x0000000083200000, 0x0000000083100000| Untracked 
|  20|0x0000000083200000, 0x0000000083300000, 0x0000000083300000|100%| O|  |TAMS 0x0000000083300000, 0x0000000083200000| Untracked 
|  21|0x0000000083300000, 0x0000000083400000, 0x0000000083400000|100%| O|  |TAMS 0x0000000083400000, 0x0000000083300000| Untracked 
|  22|0x0000000083400000, 0x0000000083500000, 0x0000000083500000|100%| O|  |TAMS 0x0000000083500000, 0x0000000083400000| Untracked 
|  23|0x0000000083500000, 0x0000000083600000, 0x0000000083600000|100%| O|  |TAMS 0x000000008357c400, 0x0000000083500000| Untracked 
|  24|0x0000000083600000, 0x0000000083700000, 0x0000000083700000|100%| O|  |TAMS 0x0000000083600000, 0x0000000083600000| Untracked 
|  25|0x0000000083700000, 0x0000000083800000, 0x0000000083800000|100%| O|  |TAMS 0x0000000083700000, 0x0000000083700000| Untracked 
|  26|0x0000000083800000, 0x000000008386e200, 0x0000000083900000| 43%| O|  |TAMS 0x0000000083800000, 0x0000000083800000| Untracked 
|  27|0x0000000083900000, 0x0000000083900000, 0x0000000083a00000|  0%| F|  |TAMS 0x0000000083900000, 0x0000000083900000| Untracked 
|  28|0x0000000083a00000, 0x0000000083a00000, 0x0000000083b00000|  0%| F|  |TAMS 0x0000000083a00000, 0x0000000083a00000| Untracked 
|  29|0x0000000083b00000, 0x0000000083b00000, 0x0000000083c00000|  0%| F|  |TAMS 0x0000000083b00000, 0x0000000083b00000| Untracked 
|  30|0x0000000083c00000, 0x0000000083c00000, 0x0000000083d00000|  0%| F|  |TAMS 0x0000000083c00000, 0x0000000083c00000| Untracked 
|  31|0x0000000083d00000, 0x0000000083d00000, 0x0000000083e00000|  0%| F|  |TAMS 0x0000000083d00000, 0x0000000083d00000| Untracked 
|  32|0x0000000083e00000, 0x0000000083e00000, 0x0000000083f00000|  0%| F|  |TAMS 0x0000000083e00000, 0x0000000083e00000| Untracked 
|  33|0x0000000083f00000, 0x0000000083f00000, 0x0000000084000000|  0%| F|  |TAMS 0x0000000083f00000, 0x0000000083f00000| Untracked 
|  34|0x0000000084000000, 0x0000000084000000, 0x0000000084100000|  0%| F|  |TAMS 0x0000000084000000, 0x0000000084000000| Untracked 
|  35|0x0000000084100000, 0x0000000084100000, 0x0000000084200000|  0%| F|  |TAMS 0x0000000084100000, 0x0000000084100000| Untracked 
|  36|0x0000000084200000, 0x0000000084200000, 0x0000000084300000|  0%| F|  |TAMS 0x0000000084200000, 0x0000000084200000| Untracked 
|  37|0x0000000084300000, 0x0000000084300000, 0x0000000084400000|  0%| F|  |TAMS 0x0000000084300000, 0x0000000084300000| Untracked 
|  38|0x0000000084400000, 0x00000000844cf228, 0x0000000084500000| 80%| S|CS|TAMS 0x0000000084400000, 0x0000000084400000| Complete 
|  39|0x0000000084500000, 0x0000000084600000, 0x0000000084600000|100%| S|CS|TAMS 0x0000000084500000, 0x0000000084500000| Complete 
|  40|0x0000000084600000, 0x0000000084700000, 0x0000000084700000|100%| S|CS|TAMS 0x0000000084600000, 0x0000000084600000| Complete 
|  41|0x0000000084700000, 0x0000000084700000, 0x0000000084800000|  0%| F|  |TAMS 0x0000000084700000, 0x0000000084700000| Untracked 
|  42|0x0000000084800000, 0x0000000084800000, 0x0000000084900000|  0%| F|  |TAMS 0x0000000084800000, 0x0000000084800000| Untracked 
|  43|0x0000000084900000, 0x0000000084900000, 0x0000000084a00000|  0%| F|  |TAMS 0x0000000084900000, 0x0000000084900000| Untracked 
|  44|0x0000000084a00000, 0x0000000084a00000, 0x0000000084b00000|  0%| F|  |TAMS 0x0000000084a00000, 0x0000000084a00000| Untracked 
|  45|0x0000000084b00000, 0x0000000084b00000, 0x0000000084c00000|  0%| F|  |TAMS 0x0000000084b00000, 0x0000000084b00000| Untracked 
|  46|0x0000000084c00000, 0x0000000084c00000, 0x0000000084d00000|  0%| F|  |TAMS 0x0000000084c00000, 0x0000000084c00000| Untracked 
|  47|0x0000000084d00000, 0x0000000084d00000, 0x0000000084e00000|  0%| F|  |TAMS 0x0000000084d00000, 0x0000000084d00000| Untracked 
|  48|0x0000000084e00000, 0x0000000084e00000, 0x0000000084f00000|  0%| F|  |TAMS 0x0000000084e00000, 0x0000000084e00000| Untracked 
|  49|0x0000000084f00000, 0x0000000084ff7458, 0x0000000085000000| 96%| E|  |TAMS 0x0000000084f00000, 0x0000000084f00000| Complete 
|  50|0x0000000085000000, 0x0000000085100000, 0x0000000085100000|100%| E|CS|TAMS 0x0000000085000000, 0x0000000085000000| Complete 
|  51|0x0000000085100000, 0x0000000085200000, 0x0000000085200000|100%| E|CS|TAMS 0x0000000085100000, 0x0000000085100000| Complete 
|  52|0x0000000085200000, 0x0000000085300000, 0x0000000085300000|100%| E|CS|TAMS 0x0000000085200000, 0x0000000085200000| Complete 
|  53|0x0000000085300000, 0x0000000085400000, 0x0000000085400000|100%| E|CS|TAMS 0x0000000085300000, 0x0000000085300000| Complete 
|  54|0x0000000085400000, 0x0000000085500000, 0x0000000085500000|100%| E|CS|TAMS 0x0000000085400000, 0x0000000085400000| Complete 
|  55|0x0000000085500000, 0x0000000085600000, 0x0000000085600000|100%| E|CS|TAMS 0x0000000085500000, 0x0000000085500000| Complete 
|  56|0x0000000085600000, 0x0000000085700000, 0x0000000085700000|100%| E|CS|TAMS 0x0000000085600000, 0x0000000085600000| Complete 
|  72|0x0000000086600000, 0x0000000086700000, 0x0000000086700000|100%| E|CS|TAMS 0x0000000086600000, 0x0000000086600000| Complete 
|  73|0x0000000086700000, 0x0000000086800000, 0x0000000086800000|100%| E|CS|TAMS 0x0000000086700000, 0x0000000086700000| Complete 
|  74|0x0000000086800000, 0x0000000086900000, 0x0000000086900000|100%| E|CS|TAMS 0x0000000086800000, 0x0000000086800000| Complete 
|  75|0x0000000086900000, 0x0000000086a00000, 0x0000000086a00000|100%| E|CS|TAMS 0x0000000086900000, 0x0000000086900000| Complete 
|  76|0x0000000086a00000, 0x0000000086b00000, 0x0000000086b00000|100%| E|CS|TAMS 0x0000000086a00000, 0x0000000086a00000| Complete 
|  77|0x0000000086b00000, 0x0000000086c00000, 0x0000000086c00000|100%| E|CS|TAMS 0x0000000086b00000, 0x0000000086b00000| Complete 
| 126|0x0000000089c00000, 0x0000000089d00000, 0x0000000089d00000|100%| E|CS|TAMS 0x0000000089c00000, 0x0000000089c00000| Complete 
| 127|0x0000000089d00000, 0x0000000089e00000, 0x0000000089e00000|100%| E|CS|TAMS 0x0000000089d00000, 0x0000000089d00000| Complete 

Card table byte_map: [0x0000016fcf6c0000,0x0000016fcfac0000] _byte_map_base: 0x0000016fcf2b1000

Marking Bits (Prev, Next): (CMBitMap*) 0x0000016fb89ea9e0, (CMBitMap*) 0x0000016fb89ea9a0
 Prev Bits: [0x0000016fd1e50000, 0x0000016fd3dd8000)
 Next Bits: [0x0000016fcfec0000, 0x0000016fd1e48000)

Polling page: 0x0000016fb68f0000

Metaspace:

Usage:
  Non-class:     55.39 MB used.
      Class:      8.68 MB used.
       Both:     64.07 MB used.

Virtual space:
  Non-class space:       64.00 MB reserved,      55.69 MB ( 87%) committed,  1 nodes.
      Class space:        1.00 GB reserved,       8.94 MB ( <1%) committed,  1 nodes.
             Both:        1.06 GB reserved,      64.62 MB (  6%) committed. 

Chunk freelists:
   Non-Class:  176.00 KB
       Class:  3.06 MB
        Both:  3.23 MB

MaxMetaspaceSize: unlimited
CompressedClassSpaceSize: 1.00 GB
Initial GC threshold: 21.00 MB
Current GC threshold: 99.06 MB
CDS: on
MetaspaceReclaimPolicy: balanced
 - commit_granule_bytes: 65536.
 - commit_granule_words: 8192.
 - virtual_space_node_default_size: 8388608.
 - enlarge_chunks_in_place: 1.
 - new_chunks_are_fully_committed: 0.
 - uncommit_free_chunks: 1.
 - use_allocation_guard: 0.


Internal statistics:

num_allocs_failed_limit: 9.
num_arena_births: 762.
num_arena_deaths: 0.
num_vsnodes_births: 2.
num_vsnodes_deaths: 0.
num_space_committed: 1034.
num_space_uncommitted: 0.
num_chunks_returned_to_freelist: 9.
num_chunks_taken_from_freelist: 2977.
num_chunk_merges: 9.
num_chunk_splits: 2202.
num_chunks_enlarged: 1804.
num_inconsistent_stats: 0.

CodeHeap 'non-profiled nmethods': size=120000Kb used=3181Kb max_used=3181Kb free=116818Kb
 bounds [0x0000016fc7d90000, 0x0000016fc80d0000, 0x0000016fcf2c0000]
CodeHeap 'profiled nmethods': size=120000Kb used=10674Kb max_used=12271Kb free=109325Kb
 bounds [0x0000016fc0860000, 0x0000016fc1460000, 0x0000016fc7d90000]
CodeHeap 'non-nmethods': size=5760Kb used=1364Kb max_used=1442Kb free=4395Kb
 bounds [0x0000016fc02c0000, 0x0000016fc0530000, 0x0000016fc0860000]
 total_blobs=6333 nmethods=5644 adapters=600
 compilation: enabled
              stopped_count=0, restarted_count=0
 full_count=0

Compilation events (20 events):
Event: 22.234 Thread 0x0000016fd626f0f0 6578       2       org.antlr.v4.runtime.atn.ATNState::addTransition (15 bytes)
Event: 22.234 Thread 0x0000016fd626f0f0 nmethod 6578 0x0000016fc0e81010 code [0x0000016fc0e811c0, 0x0000016fc0e81318]
Event: 22.235 Thread 0x0000016fd626f0f0 6579       2       org.antlr.v4.runtime.atn.ATNState::addTransition (192 bytes)
Event: 22.236 Thread 0x0000016fd626f0f0 nmethod 6579 0x0000016fc09ebc10 code [0x0000016fc09ebea0, 0x0000016fc09ec688]
Event: 22.236 Thread 0x0000016fd626f0f0 6580       1       org.antlr.v4.runtime.atn.RuleTransition::isEpsilon (2 bytes)
Event: 22.236 Thread 0x0000016fd626f0f0 nmethod 6580 0x0000016fc7f3f490 code [0x0000016fc7f3f620, 0x0000016fc7f3f6f8]
Event: 22.236 Thread 0x0000016fd626f0f0 6582       2       org.antlr.v4.runtime.atn.RuleTransition::<init> (22 bytes)
Event: 22.236 Thread 0x0000016fd626f0f0 nmethod 6582 0x0000016fc1309f90 code [0x0000016fc130a140, 0x0000016fc130a3e8]
Event: 22.237 Thread 0x0000016fd626f0f0 6581       1       org.antlr.v4.runtime.atn.EpsilonTransition::isEpsilon (2 bytes)
Event: 22.237 Thread 0x0000016fd626f0f0 nmethod 6581 0x0000016fc7f3f190 code [0x0000016fc7f3f320, 0x0000016fc7f3f3f8]
Event: 22.237 Thread 0x0000016fd626f0f0 6583       2       org.antlr.v4.runtime.atn.ATNState::getNumberOfTransitions (10 bytes)
Event: 22.237 Thread 0x0000016fd626f0f0 nmethod 6583 0x0000016fc0addd90 code [0x0000016fc0addf20, 0x0000016fc0ade048]
Event: 22.237 Thread 0x0000016fd626f0f0 6584       2       org.antlr.v4.runtime.atn.ATNState::transition (14 bytes)
Event: 22.237 Thread 0x0000016fd626f0f0 nmethod 6584 0x0000016fc0eb2d90 code [0x0000016fc0eb2f40, 0x0000016fc0eb30a8]
Event: 22.238 Thread 0x0000016fd626f0f0 6585 %     3       org.antlr.v4.runtime.atn.ATNState::addTransition @ 78 (192 bytes)
Event: 22.240 Thread 0x0000016fd626f0f0 nmethod 6585% 0x0000016fc0de7990 code [0x0000016fc0de7cc0, 0x0000016fc0de9688]
Event: 22.245 Thread 0x0000016fd626f0f0 6587       2       org.antlr.v4.runtime.atn.ATNDeserializer::checkCondition (7 bytes)
Event: 22.245 Thread 0x0000016fd626f0f0 nmethod 6587 0x0000016fc0eda790 code [0x0000016fc0eda940, 0x0000016fc0edab08]
Event: 22.246 Thread 0x0000016fd626f0f0 6588       1       org.antlr.v4.runtime.atn.ATNState::onlyHasEpsilonTransitions (5 bytes)
Event: 22.246 Thread 0x0000016fd626f0f0 nmethod 6588 0x0000016fc7f3ee90 code [0x0000016fc7f3f020, 0x0000016fc7f3f0f8]

GC Heap History (20 events):
Event: 6.276 GC heap before
{Heap before GC invocations=6 (full 0):
 garbage-first heap   total 55296K, used 35733K [0x0000000081e00000, 0x0000000100000000)
  region size 1024K, 23 young (23552K), 3 survivors (3072K)
 Metaspace       used 27068K, committed 27392K, reserved 1114112K
  class space    used 3478K, committed 3648K, reserved 1048576K
}
Event: 6.283 GC heap after
{Heap after GC invocations=7 (full 0):
 garbage-first heap   total 55296K, used 17430K [0x0000000081e00000, 0x0000000100000000)
  region size 1024K, 2 young (2048K), 2 survivors (2048K)
 Metaspace       used 27068K, committed 27392K, reserved 1114112K
  class space    used 3478K, committed 3648K, reserved 1048576K
}
Event: 7.109 GC heap before
{Heap before GC invocations=7 (full 0):
 garbage-first heap   total 55296K, used 38934K [0x0000000081e00000, 0x0000000100000000)
  region size 1024K, 23 young (23552K), 2 survivors (2048K)
 Metaspace       used 30337K, committed 30784K, reserved 1114112K
  class space    used 3963K, committed 4160K, reserved 1048576K
}
Event: 7.120 GC heap after
{Heap after GC invocations=8 (full 0):
 garbage-first heap   total 55296K, used 19416K [0x0000000081e00000, 0x0000000100000000)
  region size 1024K, 3 young (3072K), 3 survivors (3072K)
 Metaspace       used 30337K, committed 30784K, reserved 1114112K
  class space    used 3963K, committed 4160K, reserved 1048576K
}
Event: 8.035 GC heap before
{Heap before GC invocations=8 (full 0):
 garbage-first heap   total 55296K, used 39896K [0x0000000081e00000, 0x0000000100000000)
  region size 1024K, 23 young (23552K), 3 survivors (3072K)
 Metaspace       used 34376K, committed 34752K, reserved 1114112K
  class space    used 4510K, committed 4672K, reserved 1048576K
}
Event: 8.047 GC heap after
{Heap after GC invocations=9 (full 0):
 garbage-first heap   total 55296K, used 21095K [0x0000000081e00000, 0x0000000100000000)
  region size 1024K, 2 young (2048K), 2 survivors (2048K)
 Metaspace       used 34376K, committed 34752K, reserved 1114112K
  class space    used 4510K, committed 4672K, reserved 1048576K
}
Event: 8.320 GC heap before
{Heap before GC invocations=9 (full 0):
 garbage-first heap   total 55296K, used 25191K [0x0000000081e00000, 0x0000000100000000)
  region size 1024K, 7 young (7168K), 2 survivors (2048K)
 Metaspace       used 35668K, committed 36096K, reserved 1114112K
  class space    used 4702K, committed 4928K, reserved 1048576K
}
Event: 8.326 GC heap after
{Heap after GC invocations=10 (full 0):
 garbage-first heap   total 66560K, used 20992K [0x0000000081e00000, 0x0000000100000000)
  region size 1024K, 2 young (2048K), 2 survivors (2048K)
 Metaspace       used 35668K, committed 36096K, reserved 1114112K
  class space    used 4702K, committed 4928K, reserved 1048576K
}
Event: 9.794 GC heap before
{Heap before GC invocations=11 (full 0):
 garbage-first heap   total 66560K, used 49664K [0x0000000081e00000, 0x0000000100000000)
  region size 1024K, 30 young (30720K), 2 survivors (2048K)
 Metaspace       used 45593K, committed 46016K, reserved 1114112K
  class space    used 5963K, committed 6144K, reserved 1048576K
}
Event: 9.804 GC heap after
{Heap after GC invocations=12 (full 0):
 garbage-first heap   total 66560K, used 23811K [0x0000000081e00000, 0x0000000100000000)
  region size 1024K, 4 young (4096K), 4 survivors (4096K)
 Metaspace       used 45593K, committed 46016K, reserved 1114112K
  class space    used 5963K, committed 6144K, reserved 1048576K
}
Event: 10.631 GC heap before
{Heap before GC invocations=12 (full 0):
 garbage-first heap   total 66560K, used 50435K [0x0000000081e00000, 0x0000000100000000)
  region size 1024K, 30 young (30720K), 4 survivors (4096K)
 Metaspace       used 50282K, committed 50688K, reserved 1114112K
  class space    used 6545K, committed 6720K, reserved 1048576K
}
Event: 10.641 GC heap after
{Heap after GC invocations=13 (full 0):
 garbage-first heap   total 66560K, used 25492K [0x0000000081e00000, 0x0000000100000000)
  region size 1024K, 2 young (2048K), 2 survivors (2048K)
 Metaspace       used 50282K, committed 50688K, reserved 1114112K
  class space    used 6545K, committed 6720K, reserved 1048576K
}
Event: 11.611 GC heap before
{Heap before GC invocations=13 (full 0):
 garbage-first heap   total 66560K, used 50068K [0x0000000081e00000, 0x0000000100000000)
  region size 1024K, 27 young (27648K), 2 survivors (2048K)
 Metaspace       used 56756K, committed 57216K, reserved 1114112K
  class space    used 7622K, committed 7808K, reserved 1048576K
}
Event: 11.618 GC heap after
{Heap after GC invocations=14 (full 0):
 garbage-first heap   total 66560K, used 26167K [0x0000000081e00000, 0x0000000100000000)
  region size 1024K, 3 young (3072K), 3 survivors (3072K)
 Metaspace       used 56756K, committed 57216K, reserved 1114112K
  class space    used 7622K, committed 7808K, reserved 1048576K
}
Event: 12.180 GC heap before
{Heap before GC invocations=14 (full 0):
 garbage-first heap   total 66560K, used 42551K [0x0000000081e00000, 0x0000000100000000)
  region size 1024K, 21 young (21504K), 3 survivors (3072K)
 Metaspace       used 60124K, committed 60608K, reserved 1114112K
  class space    used 8125K, committed 8320K, reserved 1048576K
}
Event: 12.188 GC heap after
{Heap after GC invocations=15 (full 0):
 garbage-first heap   total 66560K, used 27000K [0x0000000081e00000, 0x0000000100000000)
  region size 1024K, 2 young (2048K), 2 survivors (2048K)
 Metaspace       used 60124K, committed 60608K, reserved 1114112K
  class space    used 8125K, committed 8320K, reserved 1048576K
}
Event: 19.916 GC heap before
{Heap before GC invocations=16 (full 0):
 garbage-first heap   total 66560K, used 51576K [0x0000000081e00000, 0x0000000100000000)
  region size 1024K, 27 young (27648K), 2 survivors (2048K)
 Metaspace       used 62777K, committed 63360K, reserved 1114112K
  class space    used 8472K, committed 8768K, reserved 1048576K
}
Event: 19.928 GC heap after
{Heap after GC invocations=17 (full 0):
 garbage-first heap   total 66560K, used 28362K [0x0000000081e00000, 0x0000000100000000)
  region size 1024K, 4 young (4096K), 4 survivors (4096K)
 Metaspace       used 62777K, committed 63360K, reserved 1114112K
  class space    used 8472K, committed 8768K, reserved 1048576K
}
Event: 21.711 GC heap before
{Heap before GC invocations=17 (full 0):
 garbage-first heap   total 66560K, used 52938K [0x0000000081e00000, 0x0000000100000000)
  region size 1024K, 28 young (28672K), 4 survivors (4096K)
 Metaspace       used 64521K, committed 65088K, reserved 1114112K
  class space    used 8718K, committed 8960K, reserved 1048576K
}
Event: 21.728 GC heap after
{Heap after GC invocations=18 (full 0):
 garbage-first heap   total 66560K, used 29657K [0x0000000081e00000, 0x0000000100000000)
  region size 1024K, 3 young (3072K), 3 survivors (3072K)
 Metaspace       used 64521K, committed 65088K, reserved 1114112K
  class space    used 8718K, committed 8960K, reserved 1048576K
}

Deoptimization events (20 events):
Event: 21.951 Thread 0x0000016fb898c930 Uncommon trap: trap_request=0xffffff45 fr.pc=0x0000016fc808a0d8 relative=0x0000000000001658
Event: 21.951 Thread 0x0000016fb898c930 Uncommon trap: reason=unstable_if action=reinterpret pc=0x0000016fc808a0d8 method=org.springframework.core.annotation.AnnotationsScanner.processMethodHierarchy(Ljava/lang/Object;[ILjava/lang/Class;Lorg/springframework/core/annotation/AnnotationsProcessor;
Event: 21.952 Thread 0x0000016fb898c930 DEOPT PACKING pc=0x0000016fc808a0d8 sp=0x00000018e4df9870
Event: 21.952 Thread 0x0000016fb898c930 DEOPT UNPACKING pc=0x0000016fc03123a3 sp=0x00000018e4df97a8 mode 2
Event: 21.952 Thread 0x0000016fb898c930 Uncommon trap: trap_request=0xffffffde fr.pc=0x0000016fc7f044fc relative=0x000000000000093c
Event: 21.952 Thread 0x0000016fb898c930 Uncommon trap: reason=class_check action=maybe_recompile pc=0x0000016fc7f044fc method=org.springframework.core.annotation.AnnotationUtils.findAnnotation(Ljava/lang/reflect/Method;Ljava/lang/Class;)Ljava/lang/annotation/Annotation; @ 47 c2
Event: 21.952 Thread 0x0000016fb898c930 DEOPT PACKING pc=0x0000016fc7f044fc sp=0x00000018e4df9a00
Event: 21.952 Thread 0x0000016fb898c930 DEOPT UNPACKING pc=0x0000016fc03123a3 sp=0x00000018e4df99d0 mode 2
Event: 21.966 Thread 0x0000016fb898c930 Uncommon trap: trap_request=0xffffffde fr.pc=0x0000016fc7f044fc relative=0x000000000000093c
Event: 21.969 Thread 0x0000016fb898c930 Uncommon trap: reason=class_check action=maybe_recompile pc=0x0000016fc7f044fc method=org.springframework.core.annotation.AnnotationUtils.findAnnotation(Ljava/lang/reflect/Method;Ljava/lang/Class;)Ljava/lang/annotation/Annotation; @ 47 c2
Event: 21.969 Thread 0x0000016fb898c930 DEOPT PACKING pc=0x0000016fc7f044fc sp=0x00000018e4df9a00
Event: 21.969 Thread 0x0000016fb898c930 DEOPT UNPACKING pc=0x0000016fc03123a3 sp=0x00000018e4df99d0 mode 2
Event: 21.973 Thread 0x0000016fb898c930 Uncommon trap: trap_request=0xffffffde fr.pc=0x0000016fc7f044fc relative=0x000000000000093c
Event: 21.973 Thread 0x0000016fb898c930 Uncommon trap: reason=class_check action=maybe_recompile pc=0x0000016fc7f044fc method=org.springframework.core.annotation.AnnotationUtils.findAnnotation(Ljava/lang/reflect/Method;Ljava/lang/Class;)Ljava/lang/annotation/Annotation; @ 47 c2
Event: 21.973 Thread 0x0000016fb898c930 DEOPT PACKING pc=0x0000016fc7f044fc sp=0x00000018e4df99c0
Event: 21.973 Thread 0x0000016fb898c930 DEOPT UNPACKING pc=0x0000016fc03123a3 sp=0x00000018e4df9990 mode 2
Event: 21.974 Thread 0x0000016fb898c930 Uncommon trap: trap_request=0xffffffde fr.pc=0x0000016fc7f044fc relative=0x000000000000093c
Event: 21.974 Thread 0x0000016fb898c930 Uncommon trap: reason=class_check action=maybe_recompile pc=0x0000016fc7f044fc method=org.springframework.core.annotation.AnnotationUtils.findAnnotation(Ljava/lang/reflect/Method;Ljava/lang/Class;)Ljava/lang/annotation/Annotation; @ 47 c2
Event: 21.974 Thread 0x0000016fb898c930 DEOPT PACKING pc=0x0000016fc7f044fc sp=0x00000018e4df99c0
Event: 21.974 Thread 0x0000016fb898c930 DEOPT UNPACKING pc=0x0000016fc03123a3 sp=0x00000018e4df9990 mode 2

Classes loaded (20 events):
Event: 20.277 Loading class java/util/regex/Pattern$Bound
Event: 20.277 Loading class java/util/regex/Pattern$Bound done
Event: 20.280 Loading class java/util/regex/Pattern$Behind
Event: 20.280 Loading class java/util/regex/Pattern$Behind done
Event: 21.054 Loading class java/util/Base64
Event: 21.054 Loading class java/util/Base64 done
Event: 21.054 Loading class java/util/Base64$Encoder
Event: 21.055 Loading class java/util/Base64$Encoder done
Event: 21.063 Loading class javax/crypto/SecretKeyFactory
Event: 21.064 Loading class javax/crypto/SecretKeyFactory done
Event: 21.064 Loading class com/sun/crypto/provider/PBKDF2Core$HmacSHA256
Event: 21.065 Loading class com/sun/crypto/provider/PBKDF2Core
Event: 21.065 Loading class javax/crypto/SecretKeyFactorySpi
Event: 21.065 Loading class javax/crypto/SecretKeyFactorySpi done
Event: 21.065 Loading class com/sun/crypto/provider/PBKDF2Core done
Event: 21.065 Loading class com/sun/crypto/provider/PBKDF2Core$HmacSHA256 done
Event: 22.133 Loading class java/util/EmptyStackException
Event: 22.133 Loading class java/util/EmptyStackException done
Event: 22.166 Loading class java/io/InvalidClassException
Event: 22.172 Loading class java/io/InvalidClassException done

Classes unloaded (0 events):
No events

Classes redefined (0 events):
No events

Internal exceptions (20 events):
Event: 11.990 Thread 0x0000016fb898c930 Exception <a 'java/lang/NoSuchMethodError'{0x00000000852b8540}: 'java.lang.Object java.lang.invoke.DirectMethodHandle$Holder.newInvokeSpecial(java.lang.Object, java.lang.Object, int, java.lang.Object, int, java.lang.Object, java.lang.Object)'> (0x00000000852b8540) 
thrown [s\open\src\hotspot\share\interpreter\linkResolver.cpp, line 759]
Event: 12.005 Thread 0x0000016fb898c930 Exception <a 'java/lang/NoSuchMethodError'{0x00000000851321a0}: 'java.lang.Object java.lang.invoke.DirectMethodHandle$Holder.newInvokeSpecial(java.lang.Object, java.lang.Object, java.lang.Object, java.lang.Object, java.lang.Object, java.lang.Object, java.lang.Object, int)'> (0x00000000851321a0) 
thrown [s\open\src\hotspot\share\interpreter\linkResolver.cpp, line 759]
Event: 12.005 Thread 0x0000016fb898c930 Exception <a 'java/lang/NoSuchMethodError'{0x0000000085137998}: 'java.lang.Object java.lang.invoke.DirectMethodHandle$Holder.invokeSpecial(java.lang.Object, java.lang.Object, java.lang.Object, java.lang.Object, java.lang.Object, java.lang.Object, java.lang.Object, java.lang.Object, int)'> (0x0000000085137998) 
thrown [s\open\src\hotspot\share\interpreter\linkResolver.cpp, line 759]
Event: 12.005 Thread 0x0000016fb898c930 Exception <a 'java/lang/NoSuchMethodError'{0x000000008513cc58}: 'java.lang.Object java.lang.invoke.Invokers$Holder.linkToTargetMethod(java.lang.Object, java.lang.Object, java.lang.Object, java.lang.Object, java.lang.Object, java.lang.Object, int, java.lang.Object)'> (0x000000008513cc58) 
thrown [s\open\src\hotspot\share\interpreter\linkResolver.cpp, line 759]
Event: 12.342 Thread 0x0000016fb898c930 Implicit null exception at 0x0000016fc7e13072 to 0x0000016fc7e13420
Event: 12.342 Thread 0x0000016fb898c930 Implicit null exception at 0x0000016fc7e0ed72 to 0x0000016fc7e0f120
Event: 16.228 Thread 0x0000016fb898c930 Exception <a 'java/lang/NoSuchMethodError'{0x0000000086614b98}: 'void java.lang.invoke.Invokers$Holder.invokeExact_MT(java.lang.Object, java.lang.Object, java.lang.Object, java.lang.Object)'> (0x0000000086614b98) 
thrown [s\open\src\hotspot\share\interpreter\linkResolver.cpp, line 759]
Event: 16.320 Thread 0x0000016fb898c930 Implicit null exception at 0x0000016fc800d391 to 0x0000016fc800d3bc
Event: 16.544 Thread 0x0000016fb898c930 Implicit null exception at 0x0000016fc801d560 to 0x0000016fc801d780
Event: 18.345 Thread 0x0000016fb898c930 Exception <a 'java/lang/IncompatibleClassChangeError'{0x00000000854c9898}: Found class java.lang.Object, but interface was expected> (0x00000000854c9898) 
thrown [s\open\src\hotspot\share\interpreter\linkResolver.cpp, line 826]
Event: 18.718 Thread 0x0000016fb898c930 Exception <a 'java/lang/IncompatibleClassChangeError'{0x0000000085359d78}: Found class java.lang.Object, but interface was expected> (0x0000000085359d78) 
thrown [s\open\src\hotspot\share\interpreter\linkResolver.cpp, line 826]
Event: 18.948 Thread 0x0000016fb898c930 Exception <a 'java/lang/IncompatibleClassChangeError'{0x00000000852ddac8}: Found class java.lang.Object, but interface was expected> (0x00000000852ddac8) 
thrown [s\open\src\hotspot\share\interpreter\linkResolver.cpp, line 826]
Event: 19.771 Thread 0x0000016fb898c930 Exception <a 'java/lang/IncompatibleClassChangeError'{0x000000008480aaa0}: Found class java.lang.Object, but interface was expected> (0x000000008480aaa0) 
thrown [s\open\src\hotspot\share\interpreter\linkResolver.cpp, line 826]
Event: 20.175 Thread 0x0000016fb898c930 Exception <a 'java/lang/NoSuchMethodError'{0x0000000086b8d0e8}: 'java.lang.Object java.lang.invoke.DirectMethodHandle$Holder.newInvokeSpecial(java.lang.Object, java.lang.Object, int)'> (0x0000000086b8d0e8) 
thrown [s\open\src\hotspot\share\interpreter\linkResolver.cpp, line 759]
Event: 20.184 Thread 0x0000016fb898c930 Exception <a 'java/lang/NoSuchMethodError'{0x0000000086bac5e8}: 'java.lang.Object java.lang.invoke.Invokers$Holder.invoke_MT(java.lang.Object, java.lang.Object, java.lang.Object, java.lang.Object, java.lang.Object, java.lang.Object, java.lang.Object, java.lang.Object, java.lang.Object)'> (0x0000000086bac5e8) 
thrown [s\open\src\hotspot\share\interpreter\linkResolver.cpp, line 759]
Event: 20.190 Thread 0x0000016fb898c930 Exception <a 'java/lang/IncompatibleClassChangeError'{0x0000000086bd5a48}: Found class java.lang.Object, but interface was expected> (0x0000000086bd5a48) 
thrown [s\open\src\hotspot\share\interpreter\linkResolver.cpp, line 826]
Event: 20.482 Thread 0x0000016fb898c930 Exception <a 'java/lang/NoSuchMethodError'{0x00000000868a0340}: 'long java.lang.invoke.DelegatingMethodHandle$Holder.reinvoke_L(java.lang.Object, java.lang.Object)'> (0x00000000868a0340) 
thrown [s\open\src\hotspot\share\interpreter\linkResolver.cpp, line 759]
Event: 20.483 Thread 0x0000016fb898c930 Exception <a 'java/lang/NoSuchMethodError'{0x00000000868aae10}: 'void java.lang.invoke.DelegatingMethodHandle$Holder.reinvoke_L(java.lang.Object, java.lang.Object, long)'> (0x00000000868aae10) 
thrown [s\open\src\hotspot\share\interpreter\linkResolver.cpp, line 759]
Event: 21.124 Thread 0x0000016fb898c930 Implicit null exception at 0x0000016fc7e9abd5 to 0x0000016fc7e9ac8a
Event: 21.880 Thread 0x0000016fb898c930 Exception <a 'java/lang/NoSuchMethodError'{0x00000000867cf1b0}: 'java.lang.Object java.lang.invoke.DirectMethodHandle$Holder.newInvokeSpecial(java.lang.Object, java.lang.Object, java.lang.Object, java.lang.Object, java.lang.Object, java.lang.Object, java.lang.Object, java.lang.Object)'> (0x00000000867cf1b0) 
thrown [s\open\src\hotspot\share\interpreter\linkResolver.cpp, line 759]

VM Operations (20 events):
Event: 19.545 Executing VM operation: Cleanup
Event: 19.546 Executing VM operation: Cleanup done
Event: 19.551 Executing VM operation: HandshakeAllThreads
Event: 19.551 Executing VM operation: HandshakeAllThreads done
Event: 19.669 Executing VM operation: HandshakeAllThreads
Event: 19.669 Executing VM operation: HandshakeAllThreads done
Event: 19.694 Executing VM operation: HandshakeAllThreads
Event: 19.719 Executing VM operation: HandshakeAllThreads done
Event: 19.915 Executing VM operation: G1CollectForAllocation
Event: 19.928 Executing VM operation: G1CollectForAllocation done
Event: 19.930 Executing VM operation: HandshakeAllThreads
Event: 19.930 Executing VM operation: HandshakeAllThreads done
Event: 20.065 Executing VM operation: HandshakeAllThreads
Event: 20.066 Executing VM operation: HandshakeAllThreads done
Event: 21.073 Executing VM operation: Cleanup
Event: 21.105 Executing VM operation: Cleanup done
Event: 21.711 Executing VM operation: G1CollectForAllocation
Event: 21.728 Executing VM operation: G1CollectForAllocation done
Event: 22.231 Executing VM operation: HandshakeAllThreads
Event: 22.231 Executing VM operation: HandshakeAllThreads done

Events (20 events):
Event: 20.077 Thread 0x0000016fd6294610 flushing nmethod 0x0000016fc12eef90
Event: 20.077 Thread 0x0000016fd6294610 flushing nmethod 0x0000016fc12efa10
Event: 20.077 Thread 0x0000016fd6294610 flushing nmethod 0x0000016fc12efd90
Event: 20.077 Thread 0x0000016fd6294610 flushing nmethod 0x0000016fc12f0690
Event: 20.077 Thread 0x0000016fd6294610 flushing nmethod 0x0000016fc1308d10
Event: 20.077 Thread 0x0000016fd6294610 flushing nmethod 0x0000016fc1309f90
Event: 20.077 Thread 0x0000016fd6294610 flushing nmethod 0x0000016fc130b590
Event: 20.077 Thread 0x0000016fd6294610 flushing nmethod 0x0000016fc130c510
Event: 20.077 Thread 0x0000016fd6294610 flushing nmethod 0x0000016fc1313110
Event: 20.077 Thread 0x0000016fd6294610 flushing nmethod 0x0000016fc1316290
Event: 20.077 Thread 0x0000016fd6294610 flushing nmethod 0x0000016fc1394990
Event: 20.078 Thread 0x0000016fd6294610 flushing nmethod 0x0000016fc139da10
Event: 20.078 Thread 0x0000016fd6294610 flushing nmethod 0x0000016fc13a5b90
Event: 20.078 Thread 0x0000016fd6294610 flushing nmethod 0x0000016fc13c8310
Event: 20.078 Thread 0x0000016fd6294610 flushing nmethod 0x0000016fc13cc290
Event: 20.078 Thread 0x0000016fd6294610 flushing nmethod 0x0000016fc1425110
Event: 20.078 Thread 0x0000016fd6294610 flushing nmethod 0x0000016fc1436610
Event: 20.394 Thread 0x0000016fdb9d1350 Thread added: 0x0000016fdb9d1350
Event: 21.332 Thread 0x0000016fdb9d1350 Thread exited: 0x0000016fdb9d1350
Event: 21.372 Thread 0x0000016fdb9d0420 Thread added: 0x0000016fdb9d0420


Dynamic libraries:
0x00007ff752a60000 - 0x00007ff752a70000 	C:\Program Files\Java\jdk-18.0.2.1\bin\java.exe
0x00007ffce67b0000 - 0x00007ffce69a8000 	C:\WINDOWS\SYSTEM32\ntdll.dll
0x00007ffcb4900000 - 0x00007ffcb4919000 	C:\Program Files\AVAST Software\Avast\aswhook.dll
0x00007ffce53f0000 - 0x00007ffce54ad000 	C:\WINDOWS\System32\KERNEL32.DLL
0x00007ffce4000000 - 0x00007ffce42f6000 	C:\WINDOWS\System32\KERNELBASE.dll
0x00007ffce4710000 - 0x00007ffce4810000 	C:\WINDOWS\System32\ucrtbase.dll
0x00007ffcdeb10000 - 0x00007ffcdeb28000 	C:\Program Files\Java\jdk-18.0.2.1\bin\jli.dll
0x00007ffcd7390000 - 0x00007ffcd73aa000 	C:\Program Files\Java\jdk-18.0.2.1\bin\VCRUNTIME140.dll
0x00007ffce5600000 - 0x00007ffce56ae000 	C:\WINDOWS\System32\ADVAPI32.dll
0x00007ffce5350000 - 0x00007ffce53ee000 	C:\WINDOWS\System32\msvcrt.dll
0x00007ffce4810000 - 0x00007ffce48ac000 	C:\WINDOWS\System32\sechost.dll
0x00007ffce5e00000 - 0x00007ffce5f26000 	C:\WINDOWS\System32\RPCRT4.dll
0x00007ffce6400000 - 0x00007ffce659e000 	C:\WINDOWS\System32\USER32.dll
0x00007ffce46e0000 - 0x00007ffce4702000 	C:\WINDOWS\System32\win32u.dll
0x00007ffcd2170000 - 0x00007ffcd240a000 	C:\WINDOWS\WinSxS\amd64_microsoft.windows.common-controls_6595b64144ccf1df_6.0.19041.1110_none_60b5254171f9507e\COMCTL32.dll
0x00007ffce6310000 - 0x00007ffce633c000 	C:\WINDOWS\System32\GDI32.dll
0x00007ffce4300000 - 0x00007ffce441a000 	C:\WINDOWS\System32\gdi32full.dll
0x00007ffce4610000 - 0x00007ffce46ad000 	C:\WINDOWS\System32\msvcp_win.dll
0x00007ffcdd260000 - 0x00007ffcdd26a000 	C:\WINDOWS\SYSTEM32\VERSION.dll
0x00007ffce65a0000 - 0x00007ffce65d0000 	C:\WINDOWS\System32\IMM32.DLL
0x00007ffcdee20000 - 0x00007ffcdee2c000 	C:\Program Files\Java\jdk-18.0.2.1\bin\vcruntime140_1.dll
0x00007ffcc2c20000 - 0x00007ffcc2cad000 	C:\Program Files\Java\jdk-18.0.2.1\bin\msvcp140.dll
0x00007ffca4990000 - 0x00007ffca55a1000 	C:\Program Files\Java\jdk-18.0.2.1\bin\server\jvm.dll
0x00007ffce63f0000 - 0x00007ffce63f8000 	C:\WINDOWS\System32\PSAPI.DLL
0x00007ffcd25c0000 - 0x00007ffcd25e7000 	C:\WINDOWS\SYSTEM32\WINMM.dll
0x00007ffccb920000 - 0x00007ffccb929000 	C:\WINDOWS\SYSTEM32\WSOCK32.dll
0x00007ffce6700000 - 0x00007ffce676b000 	C:\WINDOWS\System32\WS2_32.dll
0x00007ffce1d20000 - 0x00007ffce1d32000 	C:\WINDOWS\SYSTEM32\kernel.appcore.dll
0x00007ffcdde30000 - 0x00007ffcdde3a000 	C:\Program Files\Java\jdk-18.0.2.1\bin\jimage.dll
0x00007ffcd6ed0000 - 0x00007ffcd70b4000 	C:\WINDOWS\SYSTEM32\DBGHELP.DLL
0x00007ffcd6d40000 - 0x00007ffcd6d74000 	C:\WINDOWS\SYSTEM32\dbgcore.DLL
0x00007ffce4580000 - 0x00007ffce4602000 	C:\WINDOWS\System32\bcryptPrimitives.dll
0x00007ffccdad0000 - 0x00007ffccdaf5000 	C:\Program Files\Java\jdk-18.0.2.1\bin\java.dll
0x00007ffca48b0000 - 0x00007ffca4986000 	C:\Program Files\Java\jdk-18.0.2.1\bin\jsvml.dll
0x00007ffce56b0000 - 0x00007ffce5df5000 	C:\WINDOWS\System32\SHELL32.dll
0x00007ffce1f20000 - 0x00007ffce26bb000 	C:\WINDOWS\SYSTEM32\windows.storage.dll
0x00007ffce5f90000 - 0x00007ffce62e4000 	C:\WINDOWS\System32\combase.dll
0x00007ffce38d0000 - 0x00007ffce38fe000 	C:\WINDOWS\SYSTEM32\Wldp.dll
0x00007ffce6340000 - 0x00007ffce63ed000 	C:\WINDOWS\System32\SHCORE.dll
0x00007ffce5130000 - 0x00007ffce5185000 	C:\WINDOWS\System32\shlwapi.dll
0x00007ffce3dc0000 - 0x00007ffce3de5000 	C:\WINDOWS\SYSTEM32\profapi.dll
0x00007ffccdc60000 - 0x00007ffccdc73000 	C:\Program Files\Java\jdk-18.0.2.1\bin\net.dll
0x00007ffcd6510000 - 0x00007ffcd661a000 	C:\WINDOWS\SYSTEM32\WINHTTP.dll
0x00007ffce3630000 - 0x00007ffce369a000 	C:\WINDOWS\system32\mswsock.dll
0x00007ffccdb80000 - 0x00007ffccdb96000 	C:\Program Files\Java\jdk-18.0.2.1\bin\nio.dll
0x00007ffccdab0000 - 0x00007ffccdac8000 	C:\Program Files\Java\jdk-18.0.2.1\bin\zip.dll
0x00007ffcdee10000 - 0x00007ffcdee19000 	C:\Program Files\Java\jdk-18.0.2.1\bin\management.dll
0x00007ffcdee00000 - 0x00007ffcdee0b000 	C:\Program Files\Java\jdk-18.0.2.1\bin\management_ext.dll
0x00007ffce3830000 - 0x00007ffce3848000 	C:\WINDOWS\SYSTEM32\CRYPTSP.dll
0x00007ffce2ed0000 - 0x00007ffce2f04000 	C:\WINDOWS\system32\rsaenh.dll
0x00007ffce46b0000 - 0x00007ffce46d7000 	C:\WINDOWS\System32\bcrypt.dll
0x00007ffce3d80000 - 0x00007ffce3dae000 	C:\WINDOWS\SYSTEM32\USERENV.dll
0x00007ffce3820000 - 0x00007ffce382c000 	C:\WINDOWS\SYSTEM32\CRYPTBASE.dll
0x00007ffce32d0000 - 0x00007ffce330b000 	C:\WINDOWS\SYSTEM32\IPHLPAPI.DLL
0x00007ffce54b0000 - 0x00007ffce54b8000 	C:\WINDOWS\System32\NSI.dll
0x00007ffcd67d0000 - 0x00007ffcd67e7000 	C:\WINDOWS\SYSTEM32\dhcpcsvc6.DLL
0x00007ffcd7500000 - 0x00007ffcd751d000 	C:\WINDOWS\SYSTEM32\dhcpcsvc.DLL
0x00007ffce3320000 - 0x00007ffce33ea000 	C:\WINDOWS\SYSTEM32\DNSAPI.dll
0x00007ffcdeed0000 - 0x00007ffcdeee0000 	C:\Program Files\Java\jdk-18.0.2.1\bin\verify.dll
0x0000000063560000 - 0x0000000063569000 	D:\Shared\mDNS Responder\nimdnsNSP.dll
0x000000006e7e0000 - 0x000000006e883000 	C:\WINDOWS\WinSxS\amd64_microsoft.vc90.crt_1fc8b3b9a1e18e3b_9.0.30729.9625_none_08e1c10da83fbc83\MSVCR90.dll
0x0000000063550000 - 0x000000006355e000 	C:\WINDOWS\SYSTEM32\nimdnsResponder.dll
0x00007ffccd640000 - 0x00007ffccd64a000 	C:\Windows\System32\rasadhlp.dll
0x00007ffccd660000 - 0x00007ffccd6e2000 	C:\WINDOWS\System32\fwpuclnt.dll
0x00007ffcdeb00000 - 0x00007ffcdeb0e000 	C:\Program Files\Java\jdk-18.0.2.1\bin\sunmscapi.dll
0x00007ffce4420000 - 0x00007ffce457e000 	C:\WINDOWS\System32\CRYPT32.dll
0x00007ffce3940000 - 0x00007ffce3968000 	C:\WINDOWS\SYSTEM32\ncrypt.dll
0x00007ffce3900000 - 0x00007ffce393b000 	C:\WINDOWS\SYSTEM32\NTASN1.dll

dbghelp: loaded successfully - version: 4.0.5 - missing functions: none
symbol engine: initialized successfully - sym options: 0x614 - pdb path: .;C:\Program Files\Java\jdk-18.0.2.1\bin;C:\WINDOWS\SYSTEM32;C:\Program Files\AVAST Software\Avast;C:\WINDOWS\WinSxS\amd64_microsoft.windows.common-controls_6595b64144ccf1df_6.0.19041.1110_none_60b5254171f9507e;C:\Program Files\Java\jdk-18.0.2.1\bin\server;D:\Shared\mDNS Responder;C:\WINDOWS\WinSxS\amd64_microsoft.vc90.crt_1fc8b3b9a1e18e3b_9.0.30729.9625_none_08e1c10da83fbc83

VM Arguments:
java_command: C:\Users\Пользователь\AppData\Local\Temp\surefire9211077777208978252\surefirebooter-20231005140023350_3.jar C:\Users\Пользователь\AppData\Local\Temp\surefire9211077777208978252 2023-10-05T14-00-23_080-jvmRun1 surefire-20231005140023350_1tmp surefire_0-20231005140023350_2tmp
java_class_path (initial): C:\Users\Пользователь\AppData\Local\Temp\surefire9211077777208978252\surefirebooter-20231005140023350_3.jar
Launcher Type: SUN_STANDARD

[Global flags]
     intx CICompilerCount                          = 3                                         {product} {ergonomic}
     uint ConcGCThreads                            = 1                                         {product} {ergonomic}
     uint G1ConcRefinementThreads                  = 4                                         {product} {ergonomic}
   size_t G1HeapRegionSize                         = 1048576                                   {product} {ergonomic}
    uintx GCDrainStackTargetSize                   = 64                                        {product} {ergonomic}
   size_t InitialHeapSize                          = 134217728                                 {product} {ergonomic}
   size_t MarkStackSize                            = 4194304                                   {product} {ergonomic}
   size_t MaxHeapSize                              = 2116026368                                {product} {ergonomic}
   size_t MaxNewSize                               = 1268776960                                {product} {ergonomic}
   size_t MinHeapDeltaBytes                        = 1048576                                   {product} {ergonomic}
   size_t MinHeapSize                              = 8388608                                   {product} {ergonomic}
    uintx NonNMethodCodeHeapSize                   = 5832780                                {pd product} {ergonomic}
    uintx NonProfiledCodeHeapSize                  = 122912730                              {pd product} {ergonomic}
    uintx ProfiledCodeHeapSize                     = 122912730                              {pd product} {ergonomic}
    uintx ReservedCodeCacheSize                    = 251658240                              {pd product} {ergonomic}
     bool SegmentedCodeCache                       = true                                      {product} {ergonomic}
   size_t SoftMaxHeapSize                          = 2116026368                             {manageable} {ergonomic}
     bool UseCompressedClassPointers               = true                           {product lp64_product} {ergonomic}
     bool UseCompressedOops                        = true                           {product lp64_product} {ergonomic}
     bool UseG1GC                                  = true                                      {product} {ergonomic}
     bool UseLargePagesIndividualAllocation        = false                                  {pd product} {ergonomic}

Logging:
Log output configuration:
 #0: stdout all=warning uptime,level,tags foldmultilines=false
 #1: stderr all=off uptime,level,tags foldmultilines=false

Environment Variables:
JAVA_HOME=C:\Program Files\Java\jdk-18.0.2.1
PATH=C:\Program Files (x86)\Common Files\Intel\Shared Files\cpp\bin\Intel64;C:\Program Files\Common Files\Oracle\Java\javapath;C:\Program Files (x86)\Common Files\Oracle\Java\javapath;C:\Program Files (x86)\Common Files\Intel\Shared Libraries\redist\intel64\compiler;C:\Program Files (x86)\Common Files\Intel\Shared Libraries\redist\ia32\compiler;C:\Windows\system32;C:\Windows;C:\Windows\System32\Wbem;C:\Windows\System32\WindowsPowerShell\v1.0\;C:\Windows\System32\OpenSSH\;C:\Program Files (x86)\NVIDIA Corporation\PhysX\Common;C:\WINDOWS\system32;C:\WINDOWS;C:\WINDOWS\System32\Wbem;C:\WINDOWS\System32\WindowsPowerShell\v1.0\;C:\WINDOWS\System32\OpenSSH\;C:\masm32\bin;C:\Program Files\Calibre2\;C:\Program Files\Git\cmd;C:\Program Files\apache-maven-3.8.6-bin\apache-maven-3.8.6\bin;C:\Program Files\MySQL\MySQL Server 8.0\bin;C:\Program files\Java\jre1.8.0_60\bin;C:\Program Files\MySQL\MySQL Shell 8.0\bin\;C:\Users\Пользователь\AppData\Local\Microsoft\WindowsApps;C:\Program Files\Java\IntelliJ IDEA 2020.3.2\bin;;C:\Program Files\Azure Data Studio\bin;C:\Users\Пользователь\AppData\Local\GitHubDesktop\bin
USERNAME=Пользователь
OS=Windows_NT
PROCESSOR_IDENTIFIER=Intel64 Family 6 Model 78 Stepping 3, GenuineIntel



---------------  S Y S T E M  ---------------

OS:
 Windows 10 , 64 bit Build 19041 (10.0.19041.3393)
OS uptime: 2 days 16:17 hours

CPU: total 4 (initial active 4) (2 cores per cpu, 2 threads per core) family 6 model 78 stepping 3 microcode 0xcc, cx8, cmov, fxsr, ht, mmx, 3dnowpref, sse, sse2, sse3, ssse3, sse4.1, sse4.2, popcnt, lzcnt, tsc, tscinvbit, avx, avx2, aes, erms, clmul, bmi1, bmi2, adx, fma, vzeroupper, clflush, clflushopt

Memory: 4k page, system-wide physical 8069M (482M free)
TotalPageFile size 16261M (AvailPageFile size 7M)
current process WorkingSet (physical memory assigned to process): 250M, peak: 255M
current process commit charge ("private bytes"): 283M, peak: 287M

vm_info: Java HotSpot(TM) 64-Bit Server VM (18.0.2.1+1-1) for windows-amd64 JRE (18.0.2.1+1-1), built on Aug 16 2022 01:46:33 by "mach5one" with MS VC++ 16.8 / 16.9 (VS2019)

END.
